🔥 Orquestación dinámica: 6 GPUs | 14155 imágenes.
/data/estudiantes/vacas/sam3/sam3/model_builder.py:8: UserWarning: pkg_resources is deprecated as an API. See https://setuptools.pypa.io/en/latest/pkg_resources.html. The pkg_resources package is slated for removal as early as 2025-11-30. Refrain from using this package or pin to Setuptools<81.
  import pkg_resources
/data/estudiantes/vacas/sam3/sam3/model_builder.py:8: UserWarning: pkg_resources is deprecated as an API. See https://setuptools.pypa.io/en/latest/pkg_resources.html. The pkg_resources package is slated for removal as early as 2025-11-30. Refrain from using this package or pin to Setuptools<81.
  import pkg_resources
/data/estudiantes/vacas/sam3/sam3/model_builder.py:8: UserWarning: pkg_resources is deprecated as an API. See https://setuptools.pypa.io/en/latest/pkg_resources.html. The pkg_resources package is slated for removal as early as 2025-11-30. Refrain from using this package or pin to Setuptools<81.
  import pkg_resources
/data/estudiantes/vacas/sam3/sam3/model_builder.py:8: UserWarning: pkg_resources is deprecated as an API. See https://setuptools.pypa.io/en/latest/pkg_resources.html. The pkg_resources package is slated for removal as early as 2025-11-30. Refrain from using this package or pin to Setuptools<81.
  import pkg_resources
/data/estudiantes/vacas/sam3/sam3/model_builder.py:8: UserWarning: pkg_resources is deprecated as an API. See https://setuptools.pypa.io/en/latest/pkg_resources.html. The pkg_resources package is slated for removal as early as 2025-11-30. Refrain from using this package or pin to Setuptools<81.
  import pkg_resources
/data/estudiantes/vacas/sam3/sam3/model_builder.py:8: UserWarning: pkg_resources is deprecated as an API. See https://setuptools.pypa.io/en/latest/pkg_resources.html. The pkg_resources package is slated for removal as early as 2025-11-30. Refrain from using this package or pin to Setuptools<81.
  import pkg_resources
🚀 [GPU 2] Inicializando SAM 3 en cuda:0...
📊 [GPU 2] Procesadas: 50
📊 [GPU 2] Procesadas: 100
📊 [GPU 2] Procesadas: 150
📊 [GPU 2] Procesadas: 200
📊 [GPU 2] Procesadas: 250
📊 [GPU 2] Procesadas: 300
📊 [GPU 2] Procesadas: 350
📊 [GPU 2] Procesadas: 400
📊 [GPU 2] Procesadas: 450
📊 [GPU 2] Procesadas: 500
📊 [GPU 2] Procesadas: 550
📊 [GPU 2] Procesadas: 600
📊 [GPU 2] Procesadas: 650
📊 [GPU 2] Procesadas: 700
📊 [GPU 2] Procesadas: 750
📊 [GPU 2] Procesadas: 800
📊 [GPU 2] Procesadas: 850
📊 [GPU 2] Procesadas: 900
📊 [GPU 2] Procesadas: 950
📊 [GPU 2] Procesadas: 1000
📊 [GPU 2] Procesadas: 1050
📊 [GPU 2] Procesadas: 1100
📊 [GPU 2] Procesadas: 1150
📊 [GPU 2] Procesadas: 1200
📊 [GPU 2] Procesadas: 1250
📊 [GPU 2] Procesadas: 1300
📊 [GPU 2] Procesadas: 1350
📊 [GPU 2] Procesadas: 1400
📊 [GPU 2] Procesadas: 1450
📊 [GPU 2] Procesadas: 1500
📊 [GPU 2] Procesadas: 1550
📊 [GPU 2] Procesadas: 1600
📊 [GPU 2] Procesadas: 1650
📊 [GPU 2] Procesadas: 1700
📊 [GPU 2] Procesadas: 1750
📊 [GPU 2] Procesadas: 1800
📊 [GPU 2] Procesadas: 1850
📊 [GPU 2] Procesadas: 1900
📊 [GPU 2] Procesadas: 1950
📊 [GPU 2] Procesadas: 2000
📊 [GPU 2] Procesadas: 2050
📊 [GPU 2] Procesadas: 2100
📊 [GPU 2] Procesadas: 2150
📊 [GPU 2] Procesadas: 2200
📊 [GPU 2] Procesadas: 2250
🚀 [GPU 6] Inicializando SAM 3 en cuda:0...
📊 [GPU 6] Procesadas: 50
📊 [GPU 6] Procesadas: 100
📊 [GPU 6] Procesadas: 150
📊 [GPU 6] Procesadas: 200
📊 [GPU 6] Procesadas: 250
📊 [GPU 6] Procesadas: 300
📊 [GPU 6] Procesadas: 350
📊 [GPU 6] Procesadas: 400
📊 [GPU 6] Procesadas: 450
📊 [GPU 6] Procesadas: 500
📊 [GPU 6] Procesadas: 550
📊 [GPU 6] Procesadas: 600
📊 [GPU 6] Procesadas: 650
📊 [GPU 6] Procesadas: 700
📊 [GPU 6] Procesadas: 750
📊 [GPU 6] Procesadas: 800
📊 [GPU 6] Procesadas: 850
📊 [GPU 6] Procesadas: 900
📊 [GPU 6] Procesadas: 950
📊 [GPU 6] Procesadas: 1000
📊 [GPU 6] Procesadas: 1050
📊 [GPU 6] Procesadas: 1100
📊 [GPU 6] Procesadas: 1150
📊 [GPU 6] Procesadas: 1200
📊 [GPU 6] Procesadas: 1250
📊 [GPU 6] Procesadas: 1300
📊 [GPU 6] Procesadas: 1350
📊 [GPU 6] Procesadas: 1400
📊 [GPU 6] Procesadas: 1450
📊 [GPU 6] Procesadas: 1500
📊 [GPU 6] Procesadas: 1550
📊 [GPU 6] Procesadas: 1600
📊 [GPU 6] Procesadas: 1650
📊 [GPU 6] Procesadas: 1700
📊 [GPU 6] Procesadas: 1750
📊 [GPU 6] Procesadas: 1800
📊 [GPU 6] Procesadas: 1850
📊 [GPU 6] Procesadas: 1900
📊 [GPU 6] Procesadas: 1950
📊 [GPU 6] Procesadas: 2000
📊 [GPU 6] Procesadas: 2050
📊 [GPU 6] Procesadas: 2100
📊 [GPU 6] Procesadas: 2150
📊 [GPU 6] Procesadas: 2200
📊 [GPU 6] Procesadas: 2250
🚀 [GPU 7] Inicializando SAM 3 en cuda:0...
📊 [GPU 7] Procesadas: 50
📊 [GPU 7] Procesadas: 100
📊 [GPU 7] Procesadas: 150
📊 [GPU 7] Procesadas: 200
📊 [GPU 7] Procesadas: 250
📊 [GPU 7] Procesadas: 300
📊 [GPU 7] Procesadas: 350
📊 [GPU 7] Procesadas: 400
📊 [GPU 7] Procesadas: 450
📊 [GPU 7] Procesadas: 500
📊 [GPU 7] Procesadas: 550
📊 [GPU 7] Procesadas: 600
📊 [GPU 7] Procesadas: 650
📊 [GPU 7] Procesadas: 700
📊 [GPU 7] Procesadas: 750
📊 [GPU 7] Procesadas: 800
📊 [GPU 7] Procesadas: 850
📊 [GPU 7] Procesadas: 900
📊 [GPU 7] Procesadas: 950
📊 [GPU 7] Procesadas: 1000
📊 [GPU 7] Procesadas: 1050
📊 [GPU 7] Procesadas: 1100
📊 [GPU 7] Procesadas: 1150
📊 [GPU 7] Procesadas: 1200
📊 [GPU 7] Procesadas: 1250
📊 [GPU 7] Procesadas: 1300
📊 [GPU 7] Procesadas: 1350
📊 [GPU 7] Procesadas: 1400
📊 [GPU 7] Procesadas: 1450
📊 [GPU 7] Procesadas: 1500
📊 [GPU 7] Procesadas: 1550
📊 [GPU 7] Procesadas: 1600
📊 [GPU 7] Procesadas: 1650
📊 [GPU 7] Procesadas: 1700
📊 [GPU 7] Procesadas: 1750
📊 [GPU 7] Procesadas: 1800
📊 [GPU 7] Procesadas: 1850
📊 [GPU 7] Procesadas: 1900
📊 [GPU 7] Procesadas: 1950
📊 [GPU 7] Procesadas: 2000
📊 [GPU 7] Procesadas: 2050
📊 [GPU 7] Procesadas: 2100
📊 [GPU 7] Procesadas: 2150
📊 [GPU 7] Procesadas: 2200
📊 [GPU 7] Procesadas: 2250
📊 [GPU 7] Procesadas: 2300
📊 [GPU 7] Procesadas: 2350
🚀 [GPU 4] Inicializando SAM 3 en cuda:0...
📊 [GPU 4] Procesadas: 50
📊 [GPU 4] Procesadas: 100
📊 [GPU 4] Procesadas: 150
📊 [GPU 4] Procesadas: 200
📊 [GPU 4] Procesadas: 250
📊 [GPU 4] Procesadas: 300
📊 [GPU 4] Procesadas: 350
📊 [GPU 4] Procesadas: 400
📊 [GPU 4] Procesadas: 450
📊 [GPU 4] Procesadas: 500
📊 [GPU 4] Procesadas: 550
📊 [GPU 4] Procesadas: 600
📊 [GPU 4] Procesadas: 650
📊 [GPU 4] Procesadas: 700
📊 [GPU 4] Procesadas: 750
📊 [GPU 4] Procesadas: 800
📊 [GPU 4] Procesadas: 850
📊 [GPU 4] Procesadas: 900
📊 [GPU 4] Procesadas: 950
📊 [GPU 4] Procesadas: 1000
📊 [GPU 4] Procesadas: 1050
📊 [GPU 4] Procesadas: 1100
📊 [GPU 4] Procesadas: 1150
📊 [GPU 4] Procesadas: 1200
📊 [GPU 4] Procesadas: 1250
📊 [GPU 4] Procesadas: 1300
📊 [GPU 4] Procesadas: 1350
📊 [GPU 4] Procesadas: 1400
📊 [GPU 4] Procesadas: 1450
📊 [GPU 4] Procesadas: 1500
📊 [GPU 4] Procesadas: 1550
📊 [GPU 4] Procesadas: 1600
📊 [GPU 4] Procesadas: 1650
📊 [GPU 4] Procesadas: 1700
📊 [GPU 4] Procesadas: 1750
📊 [GPU 4] Procesadas: 1800
📊 [GPU 4] Procesadas: 1850
📊 [GPU 4] Procesadas: 1900
📊 [GPU 4] Procesadas: 1950
📊 [GPU 4] Procesadas: 2000
📊 [GPU 4] Procesadas: 2050
📊 [GPU 4] Procesadas: 2100
📊 [GPU 4] Procesadas: 2150
📊 [GPU 4] Procesadas: 2200
📊 [GPU 4] Procesadas: 2250
🚀 [GPU 5] Inicializando SAM 3 en cuda:0...
📊 [GPU 5] Procesadas: 50
📊 [GPU 5] Procesadas: 100
📊 [GPU 5] Procesadas: 150
📊 [GPU 5] Procesadas: 200
📊 [GPU 5] Procesadas: 250
📊 [GPU 5] Procesadas: 300
📊 [GPU 5] Procesadas: 350
📊 [GPU 5] Procesadas: 400
📊 [GPU 5] Procesadas: 450
📊 [GPU 5] Procesadas: 500
📊 [GPU 5] Procesadas: 550
📊 [GPU 5] Procesadas: 600
📊 [GPU 5] Procesadas: 650
📊 [GPU 5] Procesadas: 700
📊 [GPU 5] Procesadas: 750
📊 [GPU 5] Procesadas: 800
📊 [GPU 5] Procesadas: 850
📊 [GPU 5] Procesadas: 900
📊 [GPU 5] Procesadas: 950
📊 [GPU 5] Procesadas: 1000
📊 [GPU 5] Procesadas: 1050
📊 [GPU 5] Procesadas: 1100
📊 [GPU 5] Procesadas: 1150
📊 [GPU 5] Procesadas: 1200
📊 [GPU 5] Procesadas: 1250
📊 [GPU 5] Procesadas: 1300
📊 [GPU 5] Procesadas: 1350
📊 [GPU 5] Procesadas: 1400
📊 [GPU 5] Procesadas: 1450
📊 [GPU 5] Procesadas: 1500
📊 [GPU 5] Procesadas: 1550
📊 [GPU 5] Procesadas: 1600
📊 [GPU 5] Procesadas: 1650
📊 [GPU 5] Procesadas: 1700
📊 [GPU 5] Procesadas: 1750
📊 [GPU 5] Procesadas: 1800
📊 [GPU 5] Procesadas: 1850
📊 [GPU 5] Procesadas: 1900
📊 [GPU 5] Procesadas: 1950
📊 [GPU 5] Procesadas: 2000
📊 [GPU 5] Procesadas: 2050
📊 [GPU 5] Procesadas: 2100
🚀 [GPU 3] Inicializando SAM 3 en cuda:0...
📊 [GPU 3] Procesadas: 50
📊 [GPU 3] Procesadas: 100
📊 [GPU 3] Procesadas: 150
📊 [GPU 3] Procesadas: 200
📊 [GPU 3] Procesadas: 250
📊 [GPU 3] Procesadas: 300
📊 [GPU 3] Procesadas: 350
📊 [GPU 3] Procesadas: 400
📊 [GPU 3] Procesadas: 450
📊 [GPU 3] Procesadas: 500
📊 [GPU 3] Procesadas: 550
📊 [GPU 3] Procesadas: 600
📊 [GPU 3] Procesadas: 650
📊 [GPU 3] Procesadas: 700
📊 [GPU 3] Procesadas: 750
📊 [GPU 3] Procesadas: 800
📊 [GPU 3] Procesadas: 850
📊 [GPU 3] Procesadas: 900
📊 [GPU 3] Procesadas: 950
📊 [GPU 3] Procesadas: 1000
📊 [GPU 3] Procesadas: 1050
📊 [GPU 3] Procesadas: 1100
📊 [GPU 3] Procesadas: 1150
📊 [GPU 3] Procesadas: 1200
📊 [GPU 3] Procesadas: 1250
📊 [GPU 3] Procesadas: 1300
📊 [GPU 3] Procesadas: 1350
📊 [GPU 3] Procesadas: 1400
📊 [GPU 3] Procesadas: 1450
📊 [GPU 3] Procesadas: 1500
📊 [GPU 3] Procesadas: 1550
📊 [GPU 3] Procesadas: 1600
📊 [GPU 3] Procesadas: 1650
📊 [GPU 3] Procesadas: 1700
📊 [GPU 3] Procesadas: 1750
📊 [GPU 3] Procesadas: 1800
📊 [GPU 3] Procesadas: 1850
📊 [GPU 3] Procesadas: 1900
📊 [GPU 3] Procesadas: 1950
📊 [GPU 3] Procesadas: 2000
📊 [GPU 3] Procesadas: 2050
📊 [GPU 3] Procesadas: 2100
📊 [GPU 3] Procesadas: 2150
📊 [GPU 3] Procesadas: 2200
📊 [GPU 3] Procesadas: 2250
📊 [GPU 3] Procesadas: 2300

✅ DATASET COMPLETADO.
