
--- INICIO MONITOREO V27.3 MICRO 2026-05-14 09:25:40.329692 ---
09:25:40 | Sys:79.98G | Proc:0.44G | GPU:0, 21, 8 | 1, 22, 8 | 2, 28, 8 | 3, 28, 3668 | 4, 30, 3650 | 5, 26, 3648 | 6, 31, 3630 | 7, 31, 3668 |
09:25:56 | Sys:81.82G | Proc:0.89G | GPU:0, 21, 8 | 1, 22, 8 | 2, 27, 8 | 3, 27, 3668 | 4, 30, 3650 | 5, 26, 3648 | 6, 30, 3630 | 7, 30, 3668 |
09:26:11 | Sys:86.02G | Proc:0.89G | GPU:0, 20, 8 | 1, 22, 8 | 2, 31, 540 | 3, 30, 4100 | 4, 34, 4082 | 5, 31, 4080 | 6, 34, 4062 | 7, 35, 4100 |
09:26:26 | Sys:97.87G | Proc:0.89G | GPU:0, 20, 8 | 1, 22, 8 | 2, 37, 3474 | 3, 35, 7136 | 4, 39, 7562 | 5, 35, 7112 | 6, 40, 7140 | 7, 39, 7128 |
09:26:42 | Sys:98.59G | Proc:0.89G | GPU:0, 21, 8 | 1, 22, 8 | 2, 43, 3520 | 3, 43, 7184 | 4, 47, 7608 | 5, 42, 7156 | 6, 47, 7178 | 7, 47, 7182 |
09:26:57 | Sys:84.76G | Proc:0.89G | GPU:0, 21, 8 | 1, 22, 8 | 2, 45, 8 | 3, 45, 7204 | 4, 47, 7634 | 5, 44, 7184 | 6, 48, 7206 | 7, 49, 7204 |

--- INICIO MONITOREO V27.3 MICRO 2026-05-14 09:27:16.181619 ---
09:27:16 | Sys:79.92G | Proc:0.44G | GPU:0, 21, 8 | 1, 22, 8 | 2, 41, 8 | 3, 40, 3668 | 4, 48, 3650 | 5, 39, 3648 | 6, 44, 3630 | 7, 44, 3668 |
09:27:32 | Sys:81.64G | Proc:0.89G | GPU:0, 20, 8 | 1, 22, 8 | 2, 37, 8 | 3, 37, 3668 | 4, 49, 3650 | 5, 36, 3648 | 6, 41, 3630 | 7, 41, 3668 |
09:27:47 | Sys:85.95G | Proc:0.89G | GPU:0, 20, 8 | 1, 22, 8 | 2, 38, 540 | 3, 39, 4100 | 4, 49, 4082 | 5, 38, 4080 | 6, 42, 4062 | 7, 42, 4100 |
09:28:02 | Sys:97.79G | Proc:0.89G | GPU:0, 20, 8 | 1, 22, 8 | 2, 42, 3474 | 3, 43, 7136 | 4, 52, 7562 | 5, 42, 7112 | 6, 46, 7132 | 7, 47, 7124 |
09:28:18 | Sys:98.71G | Proc:0.89G | GPU:0, 20, 8 | 1, 22, 8 | 2, 48, 3520 | 3, 49, 7184 | 4, 58, 7608 | 5, 47, 7156 | 6, 52, 7178 | 7, 51, 7182 |
09:28:34 | Sys:99.20G | Proc:0.89G | GPU:0, 20, 8 | 1, 22, 8 | 2, 51, 3552 | 3, 52, 7210 | 4, 59, 7640 | 5, 50, 7190 | 6, 55, 7210 | 7, 54, 7208 |
09:28:49 | Sys:99.27G | Proc:0.89G | GPU:0, 20, 8 | 1, 22, 8 | 2, 56, 3552 | 3, 57, 7214 | 4, 63, 7640 | 5, 56, 7194 | 6, 60, 7214 | 7, 59, 7210 |
09:29:05 | Sys:99.56G | Proc:0.89G | GPU:0, 20, 8 | 1, 22, 8 | 2, 58, 3582 | 3, 60, 7234 | 4, 65, 7664 | 5, 58, 7214 | 6, 62, 7238 | 7, 61, 7232 |
09:29:20 | Sys:99.88G | Proc:0.89G | GPU:0, 20, 8 | 1, 22, 8 | 2, 62, 3582 | 3, 63, 7234 | 4, 68, 7664 | 5, 60, 7214 | 6, 65, 7238 | 7, 64, 7232 |
09:29:35 | Sys:99.92G | Proc:0.89G | GPU:0, 20, 8 | 1, 22, 8 | 2, 63, 3582 | 3, 64, 7240 | 4, 69, 7666 | 5, 61, 7214 | 6, 67, 7238 | 7, 65, 7234 |
09:29:51 | Sys:99.77G | Proc:0.89G | GPU:0, 20, 8 | 1, 22, 8 | 2, 65, 3582 | 3, 65, 7240 | 4, 70, 7666 | 5, 62, 7214 | 6, 69, 7238 | 7, 67, 7234 |
09:30:06 | Sys:99.82G | Proc:0.89G | GPU:0, 20, 8 | 1, 22, 8 | 2, 66, 3582 | 3, 67, 7240 | 4, 70, 7666 | 5, 63, 7216 | 6, 69, 7238 | 7, 68, 7234 |
09:30:22 | Sys:99.83G | Proc:0.89G | GPU:0, 20, 8 | 1, 22, 8 | 2, 69, 3582 | 3, 69, 7370 | 4, 72, 7666 | 5, 63, 7216 | 6, 71, 7238 | 7, 70, 7234 |
09:30:37 | Sys:99.84G | Proc:0.89G | GPU:0, 20, 8 | 1, 22, 8 | 2, 68, 3582 | 3, 68, 7370 | 4, 72, 7666 | 5, 63, 7216 | 6, 70, 7238 | 7, 68, 7234 |
09:30:53 | Sys:99.99G | Proc:0.89G | GPU:0, 20, 8 | 1, 22, 8 | 2, 68, 3582 | 3, 69, 7370 | 4, 72, 7666 | 5, 63, 7216 | 6, 71, 7238 | 7, 68, 7234 |
09:31:08 | Sys:100.03G | Proc:0.89G | GPU:0, 20, 8 | 1, 22, 8 | 2, 69, 3582 | 3, 70, 7370 | 4, 73, 7666 | 5, 65, 7216 | 6, 73, 7238 | 7, 71, 7234 |
09:31:23 | Sys:100.07G | Proc:0.89G | GPU:0, 20, 8 | 1, 22, 8 | 2, 70, 3584 | 3, 70, 7370 | 4, 73, 7666 | 5, 66, 7220 | 6, 72, 7238 | 7, 70, 7234 |
09:31:39 | Sys:100.40G | Proc:0.89G | GPU:0, 20, 8 | 1, 22, 8 | 2, 71, 3584 | 3, 71, 7370 | 4, 75, 7666 | 5, 66, 7220 | 6, 74, 7238 | 7, 71, 7234 |
09:31:54 | Sys:100.58G | Proc:0.89G | GPU:0, 20, 8 | 1, 22, 8 | 2, 71, 3584 | 3, 71, 7370 | 4, 75, 7666 | 5, 66, 7220 | 6, 74, 7238 | 7, 72, 7234 |
09:32:10 | Sys:100.62G | Proc:0.89G | GPU:0, 20, 8 | 1, 22, 8 | 2, 72, 3584 | 3, 72, 7370 | 4, 75, 7666 | 5, 66, 7222 | 6, 75, 7238 | 7, 71, 7234 |
09:32:25 | Sys:100.49G | Proc:0.89G | GPU:0, 20, 8 | 1, 22, 8 | 2, 72, 3584 | 3, 72, 7370 | 4, 74, 7666 | 5, 65, 7222 | 6, 74, 7238 | 7, 71, 7234 |
09:32:41 | Sys:100.58G | Proc:0.89G | GPU:0, 21, 8 | 1, 22, 8 | 2, 73, 3584 | 3, 73, 7370 | 4, 77, 7666 | 5, 67, 7222 | 6, 75, 7238 | 7, 71, 7234 |
09:32:56 | Sys:100.50G | Proc:0.89G | GPU:0, 20, 8 | 1, 22, 8 | 2, 71, 3584 | 3, 71, 7370 | 4, 74, 7666 | 5, 65, 7222 | 6, 75, 7238 | 7, 72, 7234 |
09:33:12 | Sys:100.48G | Proc:0.89G | GPU:0, 20, 8 | 1, 22, 8 | 2, 70, 3584 | 3, 71, 7370 | 4, 74, 7666 | 5, 64, 7222 | 6, 74, 7238 | 7, 70, 7234 |
09:33:27 | Sys:100.42G | Proc:0.89G | GPU:0, 20, 8 | 1, 22, 8 | 2, 73, 3584 | 3, 72, 7370 | 4, 77, 7666 | 5, 66, 7222 | 6, 76, 7238 | 7, 73, 7234 |
09:33:43 | Sys:100.59G | Proc:0.89G | GPU:0, 20, 8 | 1, 22, 8 | 2, 71, 3584 | 3, 72, 7370 | 4, 76, 7666 | 5, 67, 7354 | 6, 76, 7238 | 7, 71, 7234 |
09:33:58 | Sys:100.48G | Proc:0.89G | GPU:0, 20, 8 | 1, 22, 8 | 2, 73, 3584 | 3, 74, 7370 | 4, 76, 7666 | 5, 67, 7354 | 6, 77, 7238 | 7, 73, 7234 |
09:34:14 | Sys:100.45G | Proc:0.89G | GPU:0, 20, 8 | 1, 22, 8 | 2, 72, 3584 | 3, 72, 7370 | 4, 76, 7666 | 5, 66, 7354 | 6, 77, 7238 | 7, 73, 7234 |
09:34:29 | Sys:100.46G | Proc:0.89G | GPU:0, 20, 8 | 1, 22, 8 | 2, 72, 3584 | 3, 72, 7370 | 4, 76, 7666 | 5, 65, 7354 | 6, 75, 7238 | 7, 72, 7234 |
09:34:45 | Sys:100.68G | Proc:0.89G | GPU:0, 20, 8 | 1, 23, 8 | 2, 73, 3584 | 3, 73, 7370 | 4, 76, 7666 | 5, 66, 7354 | 6, 76, 7238 | 7, 74, 7234 |
09:35:00 | Sys:100.59G | Proc:0.89G | GPU:0, 20, 8 | 1, 22, 8 | 2, 73, 3584 | 3, 73, 7370 | 4, 76, 7666 | 5, 66, 7354 | 6, 76, 7240 | 7, 73, 7234 |
09:35:16 | Sys:100.40G | Proc:0.89G | GPU:0, 20, 8 | 1, 22, 8 | 2, 72, 3584 | 3, 72, 7370 | 4, 76, 7666 | 5, 65, 7354 | 6, 76, 7240 | 7, 73, 7238 |
09:35:31 | Sys:100.50G | Proc:0.89G | GPU:0, 20, 8 | 1, 23, 8 | 2, 74, 3584 | 3, 74, 7370 | 4, 77, 7666 | 5, 67, 7354 | 6, 77, 7240 | 7, 74, 7238 |
09:35:47 | Sys:100.66G | Proc:0.89G | GPU:0, 20, 8 | 1, 22, 8 | 2, 72, 3584 | 3, 73, 7370 | 4, 77, 7666 | 5, 65, 7354 | 6, 76, 7240 | 7, 72, 7238 |
09:36:02 | Sys:100.62G | Proc:0.89G | GPU:0, 20, 8 | 1, 23, 8 | 2, 74, 3584 | 3, 73, 7370 | 4, 77, 7666 | 5, 67, 7354 | 6, 76, 7240 | 7, 73, 7238 |
09:36:18 | Sys:100.36G | Proc:0.89G | GPU:0, 20, 8 | 1, 23, 8 | 2, 72, 3584 | 3, 73, 7370 | 4, 76, 7666 | 5, 66, 7354 | 6, 76, 7240 | 7, 73, 7238 |
09:36:33 | Sys:100.54G | Proc:0.89G | GPU:0, 21, 8 | 1, 23, 8 | 2, 73, 3584 | 3, 73, 7370 | 4, 77, 7670 | 5, 66, 7354 | 6, 76, 7404 | 7, 73, 7238 |
09:36:48 | Sys:100.54G | Proc:0.89G | GPU:0, 21, 8 | 1, 23, 8 | 2, 74, 3584 | 3, 73, 7370 | 4, 78, 7670 | 5, 66, 7354 | 6, 78, 7404 | 7, 74, 7238 |
09:37:04 | Sys:100.61G | Proc:0.89G | GPU:0, 21, 8 | 1, 23, 8 | 2, 73, 3584 | 3, 75, 7370 | 4, 77, 7670 | 5, 66, 7354 | 6, 76, 7404 | 7, 72, 7238 |
09:37:19 | Sys:100.74G | Proc:0.89G | GPU:0, 20, 8 | 1, 23, 8 | 2, 73, 3584 | 3, 73, 7370 | 4, 77, 7670 | 5, 67, 7354 | 6, 77, 7404 | 7, 73, 7238 |
09:37:35 | Sys:100.65G | Proc:0.89G | GPU:0, 20, 8 | 1, 23, 8 | 2, 73, 3584 | 3, 72, 7370 | 4, 76, 7670 | 5, 65, 7354 | 6, 75, 7404 | 7, 71, 7238 |
09:37:50 | Sys:100.59G | Proc:0.89G | GPU:0, 21, 8 | 1, 23, 8 | 2, 73, 3584 | 3, 73, 7370 | 4, 77, 7670 | 5, 67, 7354 | 6, 77, 7404 | 7, 73, 7238 |
09:38:06 | Sys:100.54G | Proc:0.89G | GPU:0, 20, 8 | 1, 23, 8 | 2, 73, 3584 | 3, 73, 7370 | 4, 77, 7670 | 5, 65, 7354 | 6, 76, 7404 | 7, 73, 7238 |
09:38:21 | Sys:100.71G | Proc:0.89G | GPU:0, 20, 8 | 1, 23, 8 | 2, 73, 3584 | 3, 74, 7370 | 4, 77, 7670 | 5, 67, 7354 | 6, 78, 7404 | 7, 74, 7238 |
09:38:37 | Sys:100.64G | Proc:0.89G | GPU:0, 20, 8 | 1, 23, 8 | 2, 73, 3584 | 3, 73, 7370 | 4, 76, 7670 | 5, 66, 7354 | 6, 77, 7404 | 7, 72, 7238 |
09:38:52 | Sys:100.42G | Proc:0.89G | GPU:0, 20, 8 | 1, 23, 8 | 2, 72, 3584 | 3, 72, 7370 | 4, 76, 7670 | 5, 65, 7354 | 6, 75, 7404 | 7, 71, 7238 |
09:39:08 | Sys:100.68G | Proc:0.89G | GPU:0, 20, 8 | 1, 23, 8 | 2, 72, 3584 | 3, 72, 7370 | 4, 76, 7670 | 5, 65, 7354 | 6, 76, 7404 | 7, 73, 7238 |
09:39:23 | Sys:100.62G | Proc:0.89G | GPU:0, 20, 8 | 1, 23, 8 | 2, 72, 3584 | 3, 73, 7370 | 4, 77, 7670 | 5, 65, 7714 | 6, 76, 7404 | 7, 72, 7238 |
09:39:38 | Sys:100.66G | Proc:0.89G | GPU:0, 20, 8 | 1, 23, 8 | 2, 73, 3584 | 3, 73, 7370 | 4, 78, 7670 | 5, 65, 7714 | 6, 76, 7404 | 7, 73, 7238 |
09:39:54 | Sys:100.45G | Proc:0.89G | GPU:0, 20, 8 | 1, 23, 8 | 2, 73, 3584 | 3, 73, 7370 | 4, 77, 7670 | 5, 67, 7714 | 6, 77, 7404 | 7, 73, 7238 |
09:40:09 | Sys:100.87G | Proc:0.89G | GPU:0, 20, 8 | 1, 23, 8 | 2, 75, 3584 | 3, 75, 7370 | 4, 79, 7670 | 5, 68, 7714 | 6, 76, 7404 | 7, 72, 7238 |
09:40:25 | Sys:100.94G | Proc:0.89G | GPU:0, 20, 8 | 1, 23, 8 | 2, 72, 3584 | 3, 73, 7370 | 4, 77, 7670 | 5, 66, 7714 | 6, 76, 7404 | 7, 72, 7238 |
09:40:40 | Sys:100.74G | Proc:0.89G | GPU:0, 20, 8 | 1, 23, 8 | 2, 71, 3584 | 3, 71, 7370 | 4, 76, 7670 | 5, 64, 7714 | 6, 75, 7404 | 7, 71, 7238 |
09:40:56 | Sys:100.92G | Proc:0.89G | GPU:0, 20, 8 | 1, 23, 8 | 2, 72, 3584 | 3, 72, 7370 | 4, 77, 7670 | 5, 66, 7714 | 6, 77, 7404 | 7, 73, 7238 |
09:41:11 | Sys:100.72G | Proc:0.89G | GPU:0, 20, 8 | 1, 23, 8 | 2, 73, 3584 | 3, 73, 7370 | 4, 77, 7670 | 5, 66, 7714 | 6, 76, 7404 | 7, 73, 7238 |
09:41:27 | Sys:100.64G | Proc:0.89G | GPU:0, 20, 8 | 1, 23, 8 | 2, 72, 3584 | 3, 72, 7370 | 4, 76, 7670 | 5, 65, 7714 | 6, 76, 7404 | 7, 72, 7238 |
09:41:42 | Sys:100.75G | Proc:0.89G | GPU:0, 20, 8 | 1, 23, 8 | 2, 73, 3584 | 3, 72, 7370 | 4, 76, 7670 | 5, 65, 7714 | 6, 77, 7404 | 7, 72, 7238 |
09:41:57 | Sys:100.82G | Proc:0.89G | GPU:0, 20, 8 | 1, 23, 8 | 2, 72, 3586 | 3, 74, 7370 | 4, 77, 7670 | 5, 65, 7714 | 6, 76, 7404 | 7, 72, 7238 |
09:42:13 | Sys:101.00G | Proc:0.89G | GPU:0, 20, 8 | 1, 23, 8 | 2, 73, 3586 | 3, 73, 7370 | 4, 78, 7670 | 5, 66, 7714 | 6, 77, 7404 | 7, 73, 7238 |
09:42:28 | Sys:100.85G | Proc:0.89G | GPU:0, 20, 8 | 1, 23, 8 | 2, 73, 3586 | 3, 73, 7370 | 4, 77, 7670 | 5, 66, 7714 | 6, 77, 7404 | 7, 72, 7238 |
09:42:44 | Sys:100.87G | Proc:0.89G | GPU:0, 20, 8 | 1, 23, 8 | 2, 74, 3586 | 3, 74, 7370 | 4, 76, 7670 | 5, 67, 7714 | 6, 78, 7404 | 7, 73, 7238 |
09:42:59 | Sys:100.97G | Proc:0.89G | GPU:0, 20, 8 | 1, 23, 8 | 2, 74, 3586 | 3, 74, 7370 | 4, 77, 7670 | 5, 67, 7714 | 6, 77, 7404 | 7, 73, 7238 |
09:43:14 | Sys:100.98G | Proc:0.89G | GPU:0, 20, 8 | 1, 23, 8 | 2, 72, 3586 | 3, 73, 7370 | 4, 77, 7670 | 5, 65, 7714 | 6, 76, 7404 | 7, 72, 7342 |
09:43:30 | Sys:100.68G | Proc:0.89G | GPU:0, 20, 8 | 1, 23, 8 | 2, 74, 3586 | 3, 73, 7370 | 4, 78, 7670 | 5, 66, 7714 | 6, 78, 7404 | 7, 74, 7342 |
09:43:45 | Sys:100.65G | Proc:0.89G | GPU:0, 20, 8 | 1, 23, 8 | 2, 74, 3586 | 3, 73, 7370 | 4, 77, 7670 | 5, 66, 7714 | 6, 77, 7404 | 7, 73, 7342 |
09:44:01 | Sys:100.68G | Proc:0.89G | GPU:0, 20, 8 | 1, 23, 8 | 2, 73, 3586 | 3, 73, 7370 | 4, 77, 7670 | 5, 66, 7714 | 6, 76, 7404 | 7, 73, 7342 |
09:44:16 | Sys:100.84G | Proc:0.89G | GPU:0, 20, 8 | 1, 23, 8 | 2, 74, 3586 | 3, 73, 7370 | 4, 77, 7670 | 5, 66, 7714 | 6, 77, 7404 | 7, 73, 7342 |
09:44:32 | Sys:100.81G | Proc:0.89G | GPU:0, 20, 8 | 1, 23, 8 | 2, 73, 3586 | 3, 75, 7370 | 4, 78, 7670 | 5, 66, 7714 | 6, 77, 7404 | 7, 72, 7342 |
09:44:47 | Sys:100.81G | Proc:0.89G | GPU:0, 20, 8 | 1, 23, 8 | 2, 73, 3586 | 3, 73, 7370 | 4, 77, 7670 | 5, 66, 7714 | 6, 77, 7404 | 7, 73, 7342 |
09:45:03 | Sys:101.02G | Proc:0.89G | GPU:0, 20, 8 | 1, 22, 8 | 2, 73, 3586 | 3, 72, 7370 | 4, 77, 7670 | 5, 66, 7714 | 6, 76, 7404 | 7, 73, 7342 |
09:45:18 | Sys:100.82G | Proc:0.89G | GPU:0, 20, 8 | 1, 23, 8 | 2, 73, 3586 | 3, 73, 7370 | 4, 78, 7670 | 5, 66, 7714 | 6, 77, 7404 | 7, 74, 7342 |
09:45:34 | Sys:100.76G | Proc:0.89G | GPU:0, 20, 8 | 1, 23, 8 | 2, 74, 3586 | 3, 73, 7370 | 4, 78, 7670 | 5, 67, 7714 | 6, 76, 7404 | 7, 73, 7342 |
09:45:49 | Sys:100.87G | Proc:0.89G | GPU:0, 20, 8 | 1, 23, 8 | 2, 75, 3586 | 3, 73, 7370 | 4, 79, 7670 | 5, 68, 7714 | 6, 78, 7404 | 7, 74, 7342 |
09:46:04 | Sys:100.71G | Proc:0.89G | GPU:0, 20, 8 | 1, 23, 8 | 2, 74, 3586 | 3, 74, 7370 | 4, 77, 7670 | 5, 66, 7714 | 6, 78, 7404 | 7, 74, 7342 |
09:46:20 | Sys:100.77G | Proc:0.89G | GPU:0, 20, 8 | 1, 23, 8 | 2, 72, 3586 | 3, 72, 7370 | 4, 77, 7670 | 5, 65, 7714 | 6, 76, 7404 | 7, 73, 7342 |
09:46:36 | Sys:100.78G | Proc:0.89G | GPU:0, 20, 8 | 1, 23, 8 | 2, 73, 3846 | 3, 73, 7370 | 4, 78, 7670 | 5, 67, 7714 | 6, 77, 7404 | 7, 74, 7342 |
09:46:51 | Sys:100.85G | Proc:0.89G | GPU:0, 20, 8 | 1, 23, 8 | 2, 73, 3846 | 3, 73, 7370 | 4, 77, 7672 | 5, 66, 7714 | 6, 76, 7404 | 7, 73, 7342 |
09:47:07 | Sys:100.67G | Proc:0.89G | GPU:0, 20, 8 | 1, 23, 8 | 2, 72, 3846 | 3, 71, 7370 | 4, 76, 7672 | 5, 65, 7714 | 6, 76, 7404 | 7, 72, 7342 |
09:47:22 | Sys:100.74G | Proc:0.89G | GPU:0, 20, 8 | 1, 23, 8 | 2, 72, 3846 | 3, 71, 7370 | 4, 76, 7672 | 5, 65, 7714 | 6, 75, 7404 | 7, 72, 7342 |
09:47:37 | Sys:100.94G | Proc:0.89G | GPU:0, 20, 8 | 1, 22, 8 | 2, 73, 3846 | 3, 74, 7370 | 4, 77, 7672 | 5, 65, 7714 | 6, 76, 7404 | 7, 72, 7342 |
09:47:53 | Sys:100.86G | Proc:0.89G | GPU:0, 20, 8 | 1, 22, 8 | 2, 73, 3846 | 3, 73, 7370 | 4, 77, 7672 | 5, 65, 7714 | 6, 77, 7404 | 7, 73, 7342 |
09:48:09 | Sys:100.94G | Proc:0.89G | GPU:0, 20, 8 | 1, 23, 8 | 2, 72, 3846 | 3, 72, 7370 | 4, 77, 7672 | 5, 65, 7714 | 6, 75, 7406 | 7, 72, 7342 |
09:48:24 | Sys:100.80G | Proc:0.89G | GPU:0, 20, 8 | 1, 22, 8 | 2, 72, 3846 | 3, 72, 7370 | 4, 77, 7672 | 5, 66, 7714 | 6, 76, 7406 | 7, 74, 7342 |
09:48:39 | Sys:101.02G | Proc:0.89G | GPU:0, 20, 8 | 1, 22, 8 | 2, 72, 3846 | 3, 72, 7370 | 4, 76, 7672 | 5, 65, 7714 | 6, 77, 7406 | 7, 73, 7342 |
09:48:55 | Sys:100.89G | Proc:0.89G | GPU:0, 20, 8 | 1, 23, 8 | 2, 75, 3846 | 3, 74, 7924 | 4, 77, 7672 | 5, 65, 7714 | 6, 77, 7406 | 7, 73, 7342 |
09:49:11 | Sys:100.94G | Proc:0.89G | GPU:0, 20, 8 | 1, 23, 8 | 2, 73, 3846 | 3, 73, 7924 | 4, 78, 7672 | 5, 66, 7714 | 6, 77, 7406 | 7, 73, 7342 |
09:49:26 | Sys:100.81G | Proc:0.89G | GPU:0, 20, 8 | 1, 23, 8 | 2, 72, 3846 | 3, 73, 7924 | 4, 76, 7672 | 5, 66, 7714 | 6, 77, 7406 | 7, 72, 7342 |
09:49:42 | Sys:100.83G | Proc:0.89G | GPU:0, 20, 8 | 1, 22, 8 | 2, 73, 3846 | 3, 71, 7924 | 4, 77, 7672 | 5, 66, 7714 | 6, 77, 7406 | 7, 74, 7342 |
09:49:57 | Sys:100.81G | Proc:0.89G | GPU:0, 20, 8 | 1, 23, 8 | 2, 73, 3846 | 3, 72, 7924 | 4, 77, 7672 | 5, 66, 7714 | 6, 76, 7406 | 7, 73, 7342 |
09:50:12 | Sys:101.02G | Proc:0.89G | GPU:0, 20, 8 | 1, 23, 8 | 2, 72, 3846 | 3, 72, 7924 | 4, 77, 7672 | 5, 66, 7714 | 6, 77, 7406 | 7, 73, 7342 |
09:50:28 | Sys:101.00G | Proc:0.89G | GPU:0, 20, 8 | 1, 23, 8 | 2, 72, 3846 | 3, 73, 7924 | 4, 78, 7672 | 5, 65, 7714 | 6, 76, 7406 | 7, 74, 7342 |
09:50:43 | Sys:100.77G | Proc:0.89G | GPU:0, 20, 8 | 1, 23, 8 | 2, 73, 3846 | 3, 74, 7924 | 4, 78, 7672 | 5, 67, 7714 | 6, 76, 7406 | 7, 72, 7342 |
09:50:59 | Sys:100.88G | Proc:0.89G | GPU:0, 20, 8 | 1, 23, 8 | 2, 73, 3846 | 3, 72, 7924 | 4, 77, 7672 | 5, 65, 7714 | 6, 77, 7406 | 7, 74, 7342 |
09:51:15 | Sys:100.97G | Proc:0.89G | GPU:0, 20, 8 | 1, 23, 8 | 2, 70, 3846 | 3, 71, 7924 | 4, 76, 7672 | 5, 64, 7714 | 6, 74, 7406 | 7, 71, 7342 |
09:51:30 | Sys:100.80G | Proc:0.89G | GPU:0, 20, 8 | 1, 23, 8 | 2, 72, 3846 | 3, 72, 7924 | 4, 77, 7672 | 5, 65, 7714 | 6, 76, 7406 | 7, 73, 7494 |
09:51:45 | Sys:100.96G | Proc:0.89G | GPU:0, 20, 8 | 1, 23, 8 | 2, 73, 3846 | 3, 73, 7924 | 4, 78, 7672 | 5, 66, 7714 | 6, 76, 7406 | 7, 72, 7494 |
09:52:01 | Sys:100.88G | Proc:0.89G | GPU:0, 21, 8 | 1, 23, 8 | 2, 74, 3846 | 3, 73, 7924 | 4, 77, 7672 | 5, 66, 7714 | 6, 78, 7406 | 7, 73, 7494 |
09:52:17 | Sys:100.91G | Proc:0.89G | GPU:0, 20, 8 | 1, 22, 8 | 2, 72, 3846 | 3, 72, 7924 | 4, 77, 7672 | 5, 65, 7714 | 6, 76, 7406 | 7, 73, 7494 |
09:52:32 | Sys:101.01G | Proc:0.89G | GPU:0, 20, 8 | 1, 23, 8 | 2, 71, 3846 | 3, 72, 7924 | 4, 76, 7672 | 5, 64, 7714 | 6, 75, 7406 | 7, 71, 7494 |
09:52:48 | Sys:101.01G | Proc:0.89G | GPU:0, 20, 8 | 1, 23, 8 | 2, 73, 3846 | 3, 72, 7924 | 4, 77, 7672 | 5, 66, 7714 | 6, 77, 7406 | 7, 72, 7494 |
09:53:03 | Sys:101.09G | Proc:0.89G | GPU:0, 20, 8 | 1, 23, 8 | 2, 73, 3846 | 3, 74, 7924 | 4, 78, 7672 | 5, 66, 7714 | 6, 77, 7406 | 7, 73, 7494 |
09:53:19 | Sys:100.79G | Proc:0.89G | GPU:0, 20, 8 | 1, 23, 8 | 2, 72, 3846 | 3, 72, 7924 | 4, 76, 7672 | 5, 65, 7714 | 6, 76, 7406 | 7, 72, 7494 |
09:53:34 | Sys:100.91G | Proc:0.89G | GPU:0, 20, 8 | 1, 23, 8 | 2, 72, 3846 | 3, 73, 7924 | 4, 76, 7672 | 5, 65, 7714 | 6, 76, 7406 | 7, 73, 7494 |
09:53:50 | Sys:100.93G | Proc:0.89G | GPU:0, 20, 8 | 1, 23, 8 | 2, 73, 3846 | 3, 73, 7924 | 4, 77, 7672 | 5, 66, 7714 | 6, 76, 7406 | 7, 73, 7494 |
09:54:06 | Sys:100.88G | Proc:0.89G | GPU:0, 20, 8 | 1, 23, 8 | 2, 72, 3846 | 3, 72, 7924 | 4, 76, 7672 | 5, 66, 7714 | 6, 76, 7406 | 7, 73, 7494 |
09:54:21 | Sys:100.98G | Proc:0.89G | GPU:0, 20, 8 | 1, 22, 8 | 2, 71, 3846 | 3, 73, 7924 | 4, 76, 7672 | 5, 64, 7714 | 6, 75, 7406 | 7, 71, 7494 |
09:54:37 | Sys:101.04G | Proc:0.89G | GPU:0, 20, 8 | 1, 22, 8 | 2, 72, 3846 | 3, 71, 7924 | 4, 76, 7672 | 5, 64, 7714 | 6, 75, 7406 | 7, 72, 7494 |
09:54:52 | Sys:101.18G | Proc:0.89G | GPU:0, 20, 8 | 1, 23, 8 | 2, 71, 3846 | 3, 71, 7924 | 4, 75, 7672 | 5, 64, 7714 | 6, 74, 7406 | 7, 70, 7494 |
09:55:07 | Sys:102.97G | Proc:0.89G | GPU:0, 20, 8 | 1, 23, 8 | 2, 71, 3846 | 3, 71, 7924 | 4, 75, 7672 | 5, 64, 7714 | 6, 75, 7406 | 7, 71, 7494 |
09:55:23 | Sys:102.12G | Proc:0.89G | GPU:0, 20, 8 | 1, 23, 8 | 2, 69, 3846 | 3, 70, 7924 | 4, 74, 7672 | 5, 63, 7714 | 6, 73, 7406 | 7, 70, 7494 |
09:55:38 | Sys:102.48G | Proc:0.89G | GPU:0, 21, 8 | 1, 23, 8 | 2, 71, 3846 | 3, 71, 7924 | 4, 75, 7672 | 5, 65, 7714 | 6, 75, 7406 | 7, 72, 7494 |
09:55:54 | Sys:102.18G | Proc:0.89G | GPU:0, 20, 8 | 1, 23, 8 | 2, 71, 3846 | 3, 71, 7924 | 4, 75, 7672 | 5, 65, 7714 | 6, 74, 7406 | 7, 71, 7494 |
09:56:09 | Sys:102.57G | Proc:0.89G | GPU:0, 20, 8 | 1, 22, 8 | 2, 71, 3846 | 3, 72, 7924 | 4, 75, 7672 | 5, 65, 7714 | 6, 75, 7406 | 7, 72, 7494 |
09:56:25 | Sys:102.58G | Proc:0.89G | GPU:0, 20, 8 | 1, 23, 8 | 2, 70, 3846 | 3, 70, 7924 | 4, 75, 7672 | 5, 64, 7714 | 6, 74, 7406 | 7, 70, 7494 |
09:56:40 | Sys:102.57G | Proc:0.89G | GPU:0, 20, 8 | 1, 23, 8 | 2, 72, 3846 | 3, 72, 7924 | 4, 76, 7672 | 5, 66, 7714 | 6, 76, 7406 | 7, 72, 7494 |
09:56:56 | Sys:102.76G | Proc:0.89G | GPU:0, 20, 8 | 1, 23, 8 | 2, 71, 3846 | 3, 72, 7924 | 4, 76, 7672 | 5, 66, 7714 | 6, 75, 7406 | 7, 72, 7494 |
09:57:12 | Sys:103.04G | Proc:0.89G | GPU:0, 20, 8 | 1, 23, 8 | 2, 72, 3846 | 3, 72, 7924 | 4, 77, 7672 | 5, 66, 7714 | 6, 75, 7406 | 7, 72, 7494 |
09:57:27 | Sys:103.18G | Proc:0.89G | GPU:0, 21, 8 | 1, 23, 8 | 2, 71, 3846 | 3, 71, 7924 | 4, 76, 7672 | 5, 65, 7714 | 6, 76, 7406 | 7, 72, 7494 |
09:57:43 | Sys:103.31G | Proc:0.89G | GPU:0, 21, 8 | 1, 23, 8 | 2, 73, 3846 | 3, 73, 7924 | 4, 76, 7672 | 5, 68, 7714 | 6, 75, 7406 | 7, 71, 7494 |
09:57:58 | Sys:103.47G | Proc:0.89G | GPU:0, 21, 8 | 1, 23, 8 | 2, 71, 3846 | 3, 72, 7924 | 4, 75, 7672 | 5, 65, 7714 | 6, 76, 7406 | 7, 73, 7494 |
09:58:14 | Sys:103.90G | Proc:0.89G | GPU:0, 21, 8 | 1, 23, 8 | 2, 71, 3846 | 3, 71, 7924 | 4, 75, 7672 | 5, 65, 7714 | 6, 74, 7406 | 7, 71, 7494 |
09:58:29 | Sys:104.02G | Proc:0.89G | GPU:0, 21, 8 | 1, 23, 8 | 2, 71, 3846 | 3, 71, 7924 | 4, 75, 7672 | 5, 66, 7714 | 6, 75, 7406 | 7, 72, 7494 |
09:58:45 | Sys:104.28G | Proc:0.89G | GPU:0, 21, 8 | 1, 23, 8 | 2, 71, 3846 | 3, 71, 7924 | 4, 75, 7672 | 5, 64, 7714 | 6, 74, 7406 | 7, 70, 7494 |
09:59:00 | Sys:104.36G | Proc:0.89G | GPU:0, 21, 8 | 1, 23, 8 | 2, 72, 3846 | 3, 72, 7924 | 4, 76, 7672 | 5, 65, 7714 | 6, 76, 7406 | 7, 72, 7494 |
09:59:16 | Sys:104.41G | Proc:0.89G | GPU:0, 21, 8 | 1, 23, 8 | 2, 71, 3846 | 3, 72, 7924 | 4, 76, 7672 | 5, 64, 7714 | 6, 74, 7406 | 7, 71, 7494 |
09:59:32 | Sys:104.62G | Proc:0.89G | GPU:0, 21, 8 | 1, 23, 8 | 2, 71, 3846 | 3, 72, 7924 | 4, 76, 7672 | 5, 65, 7714 | 6, 76, 7406 | 7, 72, 7494 |
09:59:48 | Sys:104.64G | Proc:0.89G | GPU:0, 21, 8 | 1, 23, 8 | 2, 72, 3846 | 3, 73, 7924 | 4, 76, 7672 | 5, 66, 7714 | 6, 76, 7406 | 7, 72, 7494 |
10:00:03 | Sys:100.27G | Proc:0.89G | GPU:0, 21, 8 | 1, 23, 8 | 2, 71, 3846 | 3, 71, 7924 | 4, 76, 7672 | 5, 65, 7714 | 6, 75, 7406 | 7, 72, 7494 |
10:00:19 | Sys:100.40G | Proc:0.89G | GPU:0, 21, 8 | 1, 23, 8 | 2, 73, 3846 | 3, 72, 7924 | 4, 76, 7672 | 5, 66, 7714 | 6, 77, 7406 | 7, 73, 7494 |
10:00:35 | Sys:100.68G | Proc:0.89G | GPU:0, 21, 8 | 1, 23, 8 | 2, 73, 3846 | 3, 73, 7924 | 4, 78, 7672 | 5, 67, 7714 | 6, 77, 7406 | 7, 73, 7494 |
10:00:50 | Sys:100.73G | Proc:0.89G | GPU:0, 22, 8 | 1, 24, 8 | 2, 72, 3846 | 3, 72, 7924 | 4, 76, 7672 | 5, 67, 7714 | 6, 77, 7406 | 7, 72, 7494 |
10:01:06 | Sys:100.80G | Proc:0.89G | GPU:0, 22, 8 | 1, 24, 8 | 2, 73, 3846 | 3, 74, 7924 | 4, 76, 7672 | 5, 67, 7714 | 6, 76, 7406 | 7, 72, 7494 |
10:01:22 | Sys:101.06G | Proc:0.89G | GPU:0, 22, 8 | 1, 24, 8 | 2, 73, 3846 | 3, 73, 7924 | 4, 77, 7672 | 5, 65, 7714 | 6, 77, 7406 | 7, 74, 7494 |
10:01:37 | Sys:101.01G | Proc:0.89G | GPU:0, 22, 8 | 1, 24, 8 | 2, 73, 3846 | 3, 73, 7924 | 4, 77, 7672 | 5, 66, 7714 | 6, 77, 7406 | 7, 72, 7494 |
10:01:53 | Sys:100.85G | Proc:0.89G | GPU:0, 22, 8 | 1, 24, 8 | 2, 72, 3846 | 3, 72, 7924 | 4, 77, 7672 | 5, 65, 7714 | 6, 76, 7406 | 7, 72, 7494 |
10:02:09 | Sys:100.99G | Proc:0.89G | GPU:0, 22, 8 | 1, 24, 8 | 2, 72, 3846 | 3, 73, 7924 | 4, 76, 7672 | 5, 65, 7714 | 6, 76, 7406 | 7, 72, 7494 |
10:02:24 | Sys:100.94G | Proc:0.89G | GPU:0, 22, 8 | 1, 24, 8 | 2, 73, 3846 | 3, 73, 7924 | 4, 77, 7672 | 5, 66, 7714 | 6, 78, 7406 | 7, 74, 7494 |
10:02:40 | Sys:101.07G | Proc:0.89G | GPU:0, 22, 8 | 1, 24, 8 | 2, 72, 3846 | 3, 72, 7924 | 4, 77, 7672 | 5, 65, 7714 | 6, 76, 7406 | 7, 72, 7494 |
10:02:55 | Sys:100.92G | Proc:0.89G | GPU:0, 22, 8 | 1, 24, 8 | 2, 73, 3846 | 3, 73, 7924 | 4, 77, 7672 | 5, 66, 7714 | 6, 78, 7406 | 7, 73, 7494 |
10:03:10 | Sys:101.06G | Proc:0.89G | GPU:0, 22, 8 | 1, 24, 8 | 2, 73, 3846 | 3, 73, 7924 | 4, 76, 7672 | 5, 65, 7714 | 6, 76, 7406 | 7, 72, 7494 |
10:03:26 | Sys:100.96G | Proc:0.89G | GPU:0, 22, 8 | 1, 24, 8 | 2, 72, 3846 | 3, 73, 7924 | 4, 77, 7672 | 5, 66, 7714 | 6, 78, 7406 | 7, 73, 7494 |
10:03:41 | Sys:100.96G | Proc:0.89G | GPU:0, 22, 8 | 1, 24, 8 | 2, 73, 3846 | 3, 73, 7924 | 4, 78, 7672 | 5, 67, 7714 | 6, 77, 7406 | 7, 74, 7494 |
10:03:57 | Sys:101.22G | Proc:0.89G | GPU:0, 22, 8 | 1, 24, 8 | 2, 75, 3846 | 3, 75, 7924 | 4, 78, 7672 | 5, 67, 7714 | 6, 78, 7406 | 7, 75, 7494 |
10:04:12 | Sys:101.14G | Proc:0.89G | GPU:0, 22, 8 | 1, 24, 8 | 2, 74, 3846 | 3, 73, 7924 | 4, 78, 7672 | 5, 67, 7714 | 6, 78, 7406 | 7, 73, 7494 |
10:04:28 | Sys:101.01G | Proc:0.89G | GPU:0, 23, 8 | 1, 24, 8 | 2, 74, 3846 | 3, 74, 7924 | 4, 78, 7672 | 5, 68, 7714 | 6, 78, 7406 | 7, 73, 7494 |
10:04:43 | Sys:101.03G | Proc:0.89G | GPU:0, 22, 8 | 1, 24, 8 | 2, 74, 3846 | 3, 74, 7924 | 4, 79, 7672 | 5, 67, 7714 | 6, 78, 7406 | 7, 74, 7494 |
10:04:59 | Sys:101.17G | Proc:0.89G | GPU:0, 23, 8 | 1, 24, 8 | 2, 73, 3846 | 3, 72, 7924 | 4, 77, 7672 | 5, 66, 7714 | 6, 76, 7406 | 7, 72, 7494 |
10:05:14 | Sys:100.94G | Proc:0.89G | GPU:0, 23, 8 | 1, 24, 8 | 2, 75, 3846 | 3, 74, 7924 | 4, 79, 7672 | 5, 67, 7714 | 6, 78, 7406 | 7, 74, 7494 |
10:05:30 | Sys:100.94G | Proc:0.89G | GPU:0, 23, 8 | 1, 24, 8 | 2, 74, 3846 | 3, 73, 7924 | 4, 79, 7672 | 5, 67, 7714 | 6, 78, 7406 | 7, 73, 7494 |
10:05:46 | Sys:101.10G | Proc:0.89G | GPU:0, 23, 8 | 1, 25, 8 | 2, 74, 3846 | 3, 74, 7924 | 4, 79, 7672 | 5, 67, 7714 | 6, 79, 7406 | 7, 74, 7494 |
10:06:02 | Sys:101.02G | Proc:0.89G | GPU:0, 23, 8 | 1, 25, 8 | 2, 75, 3846 | 3, 74, 7924 | 4, 78, 7672 | 5, 67, 7714 | 6, 79, 7406 | 7, 76, 7494 |
10:06:17 | Sys:101.14G | Proc:0.89G | GPU:0, 23, 8 | 1, 25, 8 | 2, 76, 3846 | 3, 75, 7924 | 4, 79, 7672 | 5, 69, 7714 | 6, 78, 7406 | 7, 76, 7494 |
10:06:33 | Sys:101.11G | Proc:0.89G | GPU:0, 23, 8 | 1, 25, 8 | 2, 75, 3846 | 3, 75, 7924 | 4, 78, 7672 | 5, 68, 7714 | 6, 79, 7406 | 7, 75, 7494 |
10:06:48 | Sys:101.12G | Proc:0.89G | GPU:0, 23, 8 | 1, 25, 8 | 2, 74, 3846 | 3, 73, 7924 | 4, 79, 7672 | 5, 67, 7714 | 6, 77, 7406 | 7, 74, 7494 |
10:07:03 | Sys:100.94G | Proc:0.89G | GPU:0, 23, 8 | 1, 25, 8 | 2, 74, 3846 | 3, 73, 7924 | 4, 79, 7672 | 5, 67, 7714 | 6, 78, 7406 | 7, 74, 7494 |
10:07:19 | Sys:101.02G | Proc:0.89G | GPU:0, 23, 8 | 1, 25, 8 | 2, 74, 3846 | 3, 73, 7924 | 4, 79, 7672 | 5, 67, 7714 | 6, 78, 7406 | 7, 75, 7494 |
10:07:34 | Sys:101.14G | Proc:0.89G | GPU:0, 23, 8 | 1, 25, 8 | 2, 75, 3846 | 3, 74, 7924 | 4, 79, 7672 | 5, 68, 7714 | 6, 78, 7406 | 7, 75, 7494 |
10:07:50 | Sys:101.05G | Proc:0.89G | GPU:0, 23, 8 | 1, 25, 8 | 2, 74, 3846 | 3, 73, 7924 | 4, 78, 7672 | 5, 67, 7714 | 6, 78, 7406 | 7, 74, 7494 |
10:08:05 | Sys:100.97G | Proc:0.89G | GPU:0, 23, 8 | 1, 25, 8 | 2, 75, 3846 | 3, 75, 7924 | 4, 79, 7672 | 5, 68, 7714 | 6, 79, 7406 | 7, 75, 7494 |
10:08:21 | Sys:101.03G | Proc:0.89G | GPU:0, 23, 8 | 1, 25, 8 | 2, 75, 3846 | 3, 74, 7924 | 4, 79, 7672 | 5, 68, 7714 | 6, 79, 7406 | 7, 75, 7494 |
10:08:36 | Sys:100.99G | Proc:0.89G | GPU:0, 23, 8 | 1, 25, 8 | 2, 76, 3846 | 3, 74, 7924 | 4, 79, 7672 | 5, 69, 7714 | 6, 80, 7406 | 7, 76, 7494 |
10:08:52 | Sys:101.10G | Proc:0.89G | GPU:0, 23, 8 | 1, 25, 8 | 2, 74, 3846 | 3, 73, 7924 | 4, 78, 7672 | 5, 67, 7714 | 6, 78, 7406 | 7, 75, 7494 |
10:09:07 | Sys:101.02G | Proc:0.89G | GPU:0, 23, 8 | 1, 25, 8 | 2, 77, 3846 | 3, 75, 7924 | 4, 80, 7672 | 5, 69, 7714 | 6, 79, 7406 | 7, 75, 7494 |
10:09:23 | Sys:101.17G | Proc:0.89G | GPU:0, 23, 8 | 1, 25, 8 | 2, 74, 3846 | 3, 73, 7924 | 4, 78, 7672 | 5, 67, 7714 | 6, 78, 7406 | 7, 75, 7494 |
10:09:38 | Sys:101.14G | Proc:0.89G | GPU:0, 23, 8 | 1, 25, 8 | 2, 74, 3846 | 3, 75, 7924 | 4, 79, 7672 | 5, 67, 7714 | 6, 78, 7406 | 7, 74, 7494 |
10:09:54 | Sys:100.96G | Proc:0.89G | GPU:0, 23, 8 | 1, 25, 8 | 2, 75, 3846 | 3, 74, 7924 | 4, 78, 7672 | 5, 68, 7714 | 6, 80, 7406 | 7, 75, 7494 |
10:10:09 | Sys:101.18G | Proc:0.89G | GPU:0, 24, 8 | 1, 25, 8 | 2, 74, 3846 | 3, 73, 7924 | 4, 78, 7672 | 5, 66, 7714 | 6, 77, 7406 | 7, 74, 7494 |
10:10:25 | Sys:101.14G | Proc:0.89G | GPU:0, 23, 8 | 1, 25, 8 | 2, 76, 3846 | 3, 74, 7924 | 4, 80, 7672 | 5, 67, 7714 | 6, 80, 7406 | 7, 76, 7494 |
10:10:40 | Sys:101.17G | Proc:0.89G | GPU:0, 23, 8 | 1, 25, 8 | 2, 75, 3846 | 3, 74, 7924 | 4, 78, 7672 | 5, 67, 7714 | 6, 78, 7406 | 7, 74, 7494 |
10:10:56 | Sys:101.07G | Proc:0.89G | GPU:0, 24, 8 | 1, 26, 8 | 2, 75, 3846 | 3, 74, 7924 | 4, 79, 7672 | 5, 68, 7714 | 6, 79, 7406 | 7, 75, 7494 |
10:11:12 | Sys:101.05G | Proc:0.89G | GPU:0, 24, 8 | 1, 26, 8 | 2, 74, 3846 | 3, 73, 7924 | 4, 78, 7672 | 5, 68, 7714 | 6, 78, 7406 | 7, 75, 7494 |
10:11:27 | Sys:101.12G | Proc:0.89G | GPU:0, 24, 8 | 1, 26, 8 | 2, 76, 3846 | 3, 75, 7924 | 4, 79, 7672 | 5, 67, 7714 | 6, 79, 7406 | 7, 75, 7494 |
10:11:43 | Sys:101.10G | Proc:0.89G | GPU:0, 24, 8 | 1, 26, 8 | 2, 75, 3846 | 3, 74, 7924 | 4, 78, 7672 | 5, 67, 7714 | 6, 78, 7406 | 7, 74, 7494 |
10:11:58 | Sys:101.21G | Proc:0.89G | GPU:0, 24, 8 | 1, 26, 8 | 2, 75, 3846 | 3, 76, 7924 | 4, 79, 7672 | 5, 67, 7714 | 6, 78, 7406 | 7, 74, 7494 |
10:12:13 | Sys:101.04G | Proc:0.89G | GPU:0, 24, 8 | 1, 26, 8 | 2, 76, 3846 | 3, 74, 7924 | 4, 80, 7672 | 5, 68, 7714 | 6, 80, 7406 | 7, 76, 7494 |
10:12:29 | Sys:100.99G | Proc:0.89G | GPU:0, 24, 8 | 1, 26, 8 | 2, 74, 3846 | 3, 73, 7924 | 4, 79, 7672 | 5, 67, 7714 | 6, 77, 7406 | 7, 74, 7494 |
10:12:44 | Sys:100.97G | Proc:0.89G | GPU:0, 24, 8 | 1, 26, 8 | 2, 74, 3846 | 3, 73, 7924 | 4, 79, 7672 | 5, 67, 7714 | 6, 78, 7406 | 7, 75, 7494 |
10:13:00 | Sys:101.07G | Proc:0.89G | GPU:0, 24, 8 | 1, 26, 8 | 2, 74, 3846 | 3, 74, 7924 | 4, 79, 7672 | 5, 67, 7714 | 6, 78, 7406 | 7, 74, 7494 |
10:13:16 | Sys:101.04G | Proc:0.89G | GPU:0, 24, 8 | 1, 26, 8 | 2, 75, 3846 | 3, 74, 7924 | 4, 79, 7672 | 5, 67, 7714 | 6, 79, 7406 | 7, 75, 7494 |
10:13:31 | Sys:101.04G | Proc:0.89G | GPU:0, 24, 8 | 1, 26, 8 | 2, 74, 3846 | 3, 73, 7924 | 4, 79, 7672 | 5, 67, 7714 | 6, 78, 7406 | 7, 74, 7494 |
10:13:47 | Sys:101.00G | Proc:0.89G | GPU:0, 24, 8 | 1, 26, 8 | 2, 75, 3846 | 3, 73, 7924 | 4, 79, 7672 | 5, 67, 7714 | 6, 78, 7406 | 7, 75, 7494 |
10:14:02 | Sys:101.07G | Proc:0.89G | GPU:0, 24, 8 | 1, 26, 8 | 2, 76, 3846 | 3, 76, 7924 | 4, 80, 7672 | 5, 69, 7714 | 6, 80, 7406 | 7, 76, 7494 |
10:14:18 | Sys:101.13G | Proc:0.89G | GPU:0, 24, 8 | 1, 26, 8 | 2, 76, 3846 | 3, 75, 7924 | 4, 79, 7672 | 5, 69, 7714 | 6, 78, 7406 | 7, 77, 7494 |
10:14:33 | Sys:101.14G | Proc:0.89G | GPU:0, 24, 8 | 1, 26, 8 | 2, 76, 3846 | 3, 74, 7924 | 4, 80, 7672 | 5, 68, 7714 | 6, 80, 7406 | 7, 75, 7494 |
10:14:49 | Sys:100.94G | Proc:0.89G | GPU:0, 24, 8 | 1, 26, 8 | 2, 75, 3846 | 3, 74, 7924 | 4, 79, 7672 | 5, 67, 7714 | 6, 78, 7406 | 7, 74, 7494 |
10:15:04 | Sys:101.08G | Proc:0.89G | GPU:0, 24, 8 | 1, 26, 8 | 2, 76, 3846 | 3, 76, 7924 | 4, 80, 7672 | 5, 69, 7714 | 6, 79, 7406 | 7, 76, 7494 |
10:15:20 | Sys:101.06G | Proc:0.89G | GPU:0, 24, 8 | 1, 26, 8 | 2, 76, 3846 | 3, 76, 7924 | 4, 80, 7672 | 5, 67, 7714 | 6, 79, 7406 | 7, 76, 7494 |
10:15:35 | Sys:100.89G | Proc:0.89G | GPU:0, 24, 8 | 1, 26, 8 | 2, 76, 3846 | 3, 76, 7924 | 4, 81, 7672 | 5, 69, 7714 | 6, 79, 7406 | 7, 77, 7494 |
10:15:51 | Sys:100.90G | Proc:0.89G | GPU:0, 24, 8 | 1, 26, 8 | 2, 75, 3846 | 3, 74, 7924 | 4, 79, 7672 | 5, 68, 7714 | 6, 79, 7406 | 7, 75, 7494 |
10:16:06 | Sys:100.94G | Proc:0.89G | GPU:0, 24, 8 | 1, 26, 8 | 2, 75, 3846 | 3, 74, 7924 | 4, 79, 7672 | 5, 67, 7714 | 6, 78, 7406 | 7, 75, 7494 |
10:16:22 | Sys:100.90G | Proc:0.89G | GPU:0, 25, 8 | 1, 26, 8 | 2, 76, 3846 | 3, 75, 7924 | 4, 80, 7672 | 5, 69, 7714 | 6, 78, 7406 | 7, 76, 7494 |
10:16:37 | Sys:101.12G | Proc:0.89G | GPU:0, 24, 8 | 1, 26, 8 | 2, 78, 3846 | 3, 75, 7924 | 4, 81, 7672 | 5, 70, 7714 | 6, 79, 7406 | 7, 75, 7494 |
10:16:53 | Sys:101.07G | Proc:0.89G | GPU:0, 24, 8 | 1, 27, 8 | 2, 76, 3846 | 3, 75, 7924 | 4, 80, 7672 | 5, 68, 7714 | 6, 79, 7406 | 7, 75, 7494 |
10:17:08 | Sys:101.21G | Proc:0.89G | GPU:0, 24, 8 | 1, 26, 8 | 2, 74, 3846 | 3, 74, 7924 | 4, 79, 7672 | 5, 67, 7714 | 6, 78, 7406 | 7, 74, 7494 |
10:17:24 | Sys:101.25G | Proc:0.89G | GPU:0, 25, 8 | 1, 27, 8 | 2, 77, 3846 | 3, 76, 7924 | 4, 79, 7672 | 5, 68, 7714 | 6, 80, 7406 | 7, 76, 7494 |
10:17:40 | Sys:101.20G | Proc:0.89G | GPU:0, 25, 8 | 1, 26, 8 | 2, 75, 3846 | 3, 75, 7924 | 4, 78, 7672 | 5, 67, 7714 | 6, 78, 7406 | 7, 75, 7494 |
10:17:55 | Sys:100.99G | Proc:0.89G | GPU:0, 25, 8 | 1, 27, 8 | 2, 76, 3846 | 3, 75, 7924 | 4, 80, 7672 | 5, 68, 7714 | 6, 80, 7406 | 7, 75, 7494 |
10:18:11 | Sys:101.23G | Proc:0.89G | GPU:0, 25, 8 | 1, 26, 8 | 2, 75, 3846 | 3, 75, 7924 | 4, 79, 7672 | 5, 69, 7714 | 6, 80, 7406 | 7, 75, 7494 |
10:18:26 | Sys:101.22G | Proc:0.89G | GPU:0, 25, 8 | 1, 27, 8 | 2, 75, 3846 | 3, 75, 7924 | 4, 78, 7672 | 5, 69, 7714 | 6, 79, 7406 | 7, 75, 7494 |
10:18:42 | Sys:101.03G | Proc:0.89G | GPU:0, 25, 8 | 1, 27, 8 | 2, 75, 3846 | 3, 76, 7924 | 4, 80, 7672 | 5, 69, 7714 | 6, 78, 7406 | 7, 75, 7494 |
10:18:57 | Sys:101.29G | Proc:0.89G | GPU:0, 25, 8 | 1, 27, 8 | 2, 75, 3846 | 3, 76, 7924 | 4, 80, 7672 | 5, 68, 7714 | 6, 79, 7406 | 7, 74, 7494 |
10:19:13 | Sys:101.37G | Proc:0.89G | GPU:0, 25, 8 | 1, 27, 8 | 2, 75, 3846 | 3, 75, 7924 | 4, 80, 7672 | 5, 68, 7714 | 6, 79, 7406 | 7, 76, 7494 |
10:19:29 | Sys:101.11G | Proc:0.89G | GPU:0, 25, 8 | 1, 27, 8 | 2, 74, 3846 | 3, 74, 7924 | 4, 79, 7672 | 5, 67, 7714 | 6, 77, 7406 | 7, 74, 7494 |
10:19:44 | Sys:101.33G | Proc:0.89G | GPU:0, 25, 8 | 1, 27, 8 | 2, 75, 3846 | 3, 74, 7924 | 4, 79, 7672 | 5, 68, 7714 | 6, 78, 7406 | 7, 75, 7494 |
10:20:00 | Sys:101.09G | Proc:0.89G | GPU:0, 25, 8 | 1, 27, 8 | 2, 74, 3846 | 3, 73, 7924 | 4, 78, 7672 | 5, 67, 7714 | 6, 77, 7406 | 7, 73, 7494 |
10:20:15 | Sys:101.28G | Proc:0.89G | GPU:0, 25, 8 | 1, 27, 8 | 2, 74, 3846 | 3, 75, 7924 | 4, 79, 7672 | 5, 69, 7714 | 6, 79, 7406 | 7, 76, 7494 |
10:20:31 | Sys:101.34G | Proc:0.89G | GPU:0, 25, 8 | 1, 27, 8 | 2, 74, 3846 | 3, 73, 7924 | 4, 78, 7672 | 5, 67, 7714 | 6, 78, 7406 | 7, 74, 7494 |
10:20:47 | Sys:101.16G | Proc:0.89G | GPU:0, 25, 8 | 1, 27, 8 | 2, 74, 3846 | 3, 74, 7924 | 4, 78, 7672 | 5, 68, 7714 | 6, 78, 7406 | 7, 75, 7494 |
10:21:02 | Sys:101.05G | Proc:0.89G | GPU:0, 25, 8 | 1, 27, 8 | 2, 73, 3846 | 3, 73, 7924 | 4, 78, 7672 | 5, 67, 7714 | 6, 77, 7406 | 7, 74, 7494 |
10:21:18 | Sys:101.24G | Proc:0.89G | GPU:0, 25, 8 | 1, 27, 8 | 2, 75, 3846 | 3, 73, 7924 | 4, 78, 7672 | 5, 67, 7714 | 6, 78, 7406 | 7, 75, 7494 |
10:21:33 | Sys:101.31G | Proc:0.89G | GPU:0, 25, 8 | 1, 27, 8 | 2, 74, 3846 | 3, 73, 7924 | 4, 78, 7672 | 5, 67, 7714 | 6, 77, 7406 | 7, 75, 7494 |
10:21:49 | Sys:100.87G | Proc:0.89G | GPU:0, 25, 8 | 1, 27, 8 | 2, 74, 3846 | 3, 73, 7924 | 4, 78, 7672 | 5, 68, 7714 | 6, 78, 7406 | 7, 74, 7494 |
10:22:04 | Sys:101.01G | Proc:0.89G | GPU:0, 25, 8 | 1, 27, 8 | 2, 74, 3846 | 3, 74, 7924 | 4, 79, 7672 | 5, 68, 7714 | 6, 78, 7406 | 7, 75, 7494 |
10:22:20 | Sys:101.08G | Proc:0.89G | GPU:0, 25, 8 | 1, 27, 8 | 2, 76, 3846 | 3, 75, 7924 | 4, 79, 7672 | 5, 69, 7714 | 6, 79, 7406 | 7, 75, 7494 |
10:22:35 | Sys:101.03G | Proc:0.89G | GPU:0, 25, 8 | 1, 27, 8 | 2, 74, 3846 | 3, 74, 7924 | 4, 79, 7672 | 5, 67, 7714 | 6, 79, 7406 | 7, 75, 7494 |
10:22:50 | Sys:101.16G | Proc:0.89G | GPU:0, 24, 8 | 1, 26, 8 | 2, 73, 3846 | 3, 73, 7924 | 4, 78, 7672 | 5, 66, 7714 | 6, 77, 7406 | 7, 73, 7494 |
10:23:06 | Sys:101.23G | Proc:0.89G | GPU:0, 24, 8 | 1, 26, 8 | 2, 74, 3846 | 3, 73, 7924 | 4, 78, 7672 | 5, 67, 7714 | 6, 79, 7406 | 7, 74, 7494 |
10:23:22 | Sys:101.29G | Proc:0.89G | GPU:0, 24, 8 | 1, 26, 8 | 2, 73, 3846 | 3, 73, 7924 | 4, 78, 7672 | 5, 66, 7714 | 6, 77, 7406 | 7, 74, 7494 |
10:23:37 | Sys:101.28G | Proc:0.89G | GPU:0, 24, 8 | 1, 26, 8 | 2, 75, 3846 | 3, 74, 7924 | 4, 78, 7672 | 5, 69, 7714 | 6, 79, 7406 | 7, 75, 7494 |
10:23:53 | Sys:101.06G | Proc:0.89G | GPU:0, 24, 8 | 1, 26, 8 | 2, 74, 3846 | 3, 73, 7924 | 4, 78, 7672 | 5, 67, 7714 | 6, 78, 7406 | 7, 74, 7494 |
10:24:08 | Sys:101.23G | Proc:0.89G | GPU:0, 24, 8 | 1, 26, 8 | 2, 73, 3846 | 3, 73, 7924 | 4, 78, 7672 | 5, 66, 7714 | 6, 78, 7406 | 7, 74, 7494 |
10:24:24 | Sys:101.21G | Proc:0.89G | GPU:0, 24, 8 | 1, 26, 8 | 2, 75, 3846 | 3, 73, 7924 | 4, 78, 7672 | 5, 68, 7714 | 6, 78, 7406 | 7, 74, 7494 |
10:24:39 | Sys:101.29G | Proc:0.89G | GPU:0, 24, 8 | 1, 26, 8 | 2, 76, 3846 | 3, 75, 7924 | 4, 80, 7672 | 5, 66, 7714 | 6, 79, 7406 | 7, 75, 7494 |
10:24:55 | Sys:101.25G | Proc:0.89G | GPU:0, 24, 8 | 1, 26, 8 | 2, 74, 3846 | 3, 73, 7924 | 4, 78, 7672 | 5, 67, 7714 | 6, 78, 7406 | 7, 75, 7494 |
10:25:10 | Sys:101.37G | Proc:0.89G | GPU:0, 24, 8 | 1, 26, 8 | 2, 73, 3846 | 3, 73, 7924 | 4, 78, 7672 | 5, 66, 7714 | 6, 77, 7406 | 7, 73, 7494 |
10:25:25 | Sys:101.04G | Proc:0.89G | GPU:0, 23, 8 | 1, 26, 8 | 2, 75, 3846 | 3, 73, 7924 | 4, 78, 7672 | 5, 67, 7714 | 6, 79, 7406 | 7, 74, 7494 |
10:25:41 | Sys:101.10G | Proc:0.89G | GPU:0, 24, 8 | 1, 26, 8 | 2, 74, 3846 | 3, 74, 7924 | 4, 79, 7672 | 5, 67, 7714 | 6, 79, 7406 | 7, 74, 7494 |
10:25:56 | Sys:101.09G | Proc:0.89G | GPU:0, 24, 8 | 1, 26, 8 | 2, 74, 3846 | 3, 74, 7924 | 4, 78, 7672 | 5, 67, 7714 | 6, 79, 7406 | 7, 74, 7494 |
10:26:12 | Sys:101.14G | Proc:0.89G | GPU:0, 23, 8 | 1, 26, 8 | 2, 74, 3846 | 3, 74, 7924 | 4, 78, 7672 | 5, 67, 7714 | 6, 78, 7406 | 7, 74, 7494 |
10:26:27 | Sys:101.23G | Proc:0.89G | GPU:0, 23, 8 | 1, 26, 8 | 2, 75, 3846 | 3, 75, 7924 | 4, 78, 7672 | 5, 67, 7714 | 6, 78, 7406 | 7, 75, 7494 |
10:26:43 | Sys:101.18G | Proc:0.89G | GPU:0, 23, 8 | 1, 26, 8 | 2, 75, 3846 | 3, 73, 7924 | 4, 78, 7672 | 5, 68, 7714 | 6, 77, 7406 | 7, 75, 7494 |
10:26:58 | Sys:101.12G | Proc:0.89G | GPU:0, 23, 8 | 1, 26, 8 | 2, 73, 3846 | 3, 74, 7924 | 4, 79, 7672 | 5, 66, 7714 | 6, 77, 7406 | 7, 73, 7494 |
10:27:14 | Sys:101.27G | Proc:0.89G | GPU:0, 23, 8 | 1, 26, 8 | 2, 73, 3846 | 3, 73, 7924 | 4, 78, 7672 | 5, 66, 7714 | 6, 77, 7406 | 7, 74, 7494 |
10:27:30 | Sys:101.37G | Proc:0.89G | GPU:0, 23, 8 | 1, 25, 8 | 2, 73, 3846 | 3, 73, 7924 | 4, 78, 7672 | 5, 67, 7714 | 6, 77, 7406 | 7, 73, 7494 |
10:27:45 | Sys:101.26G | Proc:0.89G | GPU:0, 23, 8 | 1, 26, 8 | 2, 74, 3846 | 3, 74, 7924 | 4, 78, 7672 | 5, 66, 7714 | 6, 78, 7406 | 7, 75, 7494 |
10:28:00 | Sys:101.31G | Proc:0.89G | GPU:0, 23, 8 | 1, 25, 8 | 2, 72, 3846 | 3, 72, 7924 | 4, 77, 7672 | 5, 67, 7714 | 6, 76, 7406 | 7, 73, 7494 |
10:28:16 | Sys:101.18G | Proc:0.89G | GPU:0, 23, 8 | 1, 25, 8 | 2, 73, 3846 | 3, 72, 7924 | 4, 78, 7672 | 5, 66, 7714 | 6, 78, 7406 | 7, 74, 7494 |
10:28:31 | Sys:101.30G | Proc:0.89G | GPU:0, 23, 8 | 1, 25, 8 | 2, 73, 3846 | 3, 73, 7924 | 4, 78, 7672 | 5, 67, 7714 | 6, 77, 7406 | 7, 73, 7494 |
10:28:47 | Sys:101.35G | Proc:0.89G | GPU:0, 23, 8 | 1, 25, 8 | 2, 75, 3846 | 3, 75, 7924 | 4, 78, 7672 | 5, 68, 7714 | 6, 79, 7406 | 7, 74, 7494 |
10:29:02 | Sys:101.59G | Proc:0.89G | GPU:0, 23, 8 | 1, 25, 8 | 2, 74, 3846 | 3, 74, 7924 | 4, 77, 7672 | 5, 67, 7714 | 6, 79, 7406 | 7, 74, 7494 |
10:29:18 | Sys:101.37G | Proc:0.89G | GPU:0, 23, 8 | 1, 25, 8 | 2, 72, 3846 | 3, 72, 7924 | 4, 77, 7672 | 5, 65, 7714 | 6, 76, 7406 | 7, 72, 7494 |
10:29:34 | Sys:101.45G | Proc:0.89G | GPU:0, 23, 8 | 1, 25, 8 | 2, 72, 3846 | 3, 72, 7924 | 4, 77, 7672 | 5, 65, 7714 | 6, 76, 7406 | 7, 72, 7494 |
10:29:49 | Sys:101.54G | Proc:0.89G | GPU:0, 23, 8 | 1, 25, 8 | 2, 71, 3846 | 3, 71, 7924 | 4, 76, 7672 | 5, 65, 7714 | 6, 75, 7406 | 7, 71, 7494 |
10:30:04 | Sys:101.30G | Proc:0.89G | GPU:0, 23, 8 | 1, 25, 8 | 2, 73, 3846 | 3, 73, 7924 | 4, 77, 7672 | 5, 66, 7714 | 6, 76, 7406 | 7, 73, 7494 |
10:30:20 | Sys:101.26G | Proc:0.89G | GPU:0, 23, 8 | 1, 25, 8 | 2, 72, 3846 | 3, 72, 7924 | 4, 76, 7672 | 5, 65, 7714 | 6, 75, 7406 | 7, 72, 7494 |
10:30:36 | Sys:101.31G | Proc:0.89G | GPU:0, 23, 8 | 1, 25, 8 | 2, 73, 3846 | 3, 73, 7924 | 4, 77, 7672 | 5, 66, 7714 | 6, 77, 7406 | 7, 74, 7494 |
10:30:51 | Sys:101.24G | Proc:0.89G | GPU:0, 23, 8 | 1, 25, 8 | 2, 72, 3846 | 3, 72, 7924 | 4, 77, 7672 | 5, 66, 7714 | 6, 77, 7406 | 7, 73, 7494 |
10:31:06 | Sys:101.42G | Proc:0.89G | GPU:0, 23, 8 | 1, 25, 8 | 2, 72, 3846 | 3, 72, 7924 | 4, 77, 7672 | 5, 67, 7714 | 6, 76, 7406 | 7, 74, 7494 |
10:31:22 | Sys:101.51G | Proc:0.89G | GPU:0, 23, 8 | 1, 25, 8 | 2, 72, 3846 | 3, 72, 7924 | 4, 77, 7672 | 5, 65, 7714 | 6, 76, 7406 | 7, 72, 7494 |
10:31:37 | Sys:101.30G | Proc:0.89G | GPU:0, 23, 8 | 1, 25, 8 | 2, 71, 3846 | 3, 71, 7924 | 4, 76, 7672 | 5, 64, 7714 | 6, 76, 7406 | 7, 72, 7494 |
10:31:53 | Sys:101.25G | Proc:0.89G | GPU:0, 22, 8 | 1, 25, 8 | 2, 72, 3846 | 3, 73, 7924 | 4, 77, 7672 | 5, 66, 7714 | 6, 77, 7406 | 7, 72, 7494 |
10:32:08 | Sys:101.26G | Proc:0.89G | GPU:0, 23, 8 | 1, 25, 8 | 2, 72, 3846 | 3, 74, 7924 | 4, 79, 7672 | 5, 66, 7714 | 6, 76, 7406 | 7, 72, 7494 |
10:32:24 | Sys:101.26G | Proc:0.89G | GPU:0, 22, 8 | 1, 25, 8 | 2, 73, 3846 | 3, 74, 7924 | 4, 78, 7672 | 5, 67, 7714 | 6, 78, 7406 | 7, 74, 7494 |
10:32:39 | Sys:98.09G | Proc:0.89G | GPU:0, 23, 8 | 1, 25, 8 | 2, 71, 3846 | 3, 72, 7924 | 4, 77, 7672 | 5, 66, 7714 | 6, 76, 7406 | 7, 72, 7494 |
10:32:55 | Sys:98.98G | Proc:0.89G | GPU:0, 23, 8 | 1, 25, 8 | 2, 74, 3846 | 3, 73, 7924 | 4, 77, 7672 | 5, 66, 7714 | 6, 77, 7406 | 7, 74, 7494 |
10:33:10 | Sys:99.05G | Proc:0.89G | GPU:0, 22, 8 | 1, 25, 8 | 2, 73, 3846 | 3, 73, 7924 | 4, 77, 7672 | 5, 66, 7714 | 6, 78, 7406 | 7, 73, 7494 |
10:33:26 | Sys:99.21G | Proc:0.89G | GPU:0, 22, 8 | 1, 25, 8 | 2, 75, 3846 | 3, 74, 7924 | 4, 78, 7672 | 5, 68, 7714 | 6, 78, 7406 | 7, 75, 7494 |
10:33:41 | Sys:99.28G | Proc:0.89G | GPU:0, 22, 8 | 1, 25, 8 | 2, 73, 3846 | 3, 74, 7924 | 4, 78, 7672 | 5, 66, 7714 | 6, 77, 7406 | 7, 74, 7494 |
10:33:57 | Sys:99.25G | Proc:0.89G | GPU:0, 22, 8 | 1, 25, 8 | 2, 72, 3846 | 3, 74, 7924 | 4, 78, 7672 | 5, 66, 7714 | 6, 76, 7406 | 7, 72, 7494 |
10:34:13 | Sys:99.34G | Proc:0.89G | GPU:0, 22, 8 | 1, 25, 8 | 2, 73, 3846 | 3, 73, 7924 | 4, 78, 7672 | 5, 66, 7714 | 6, 78, 7406 | 7, 73, 7494 |
10:34:28 | Sys:99.38G | Proc:0.89G | GPU:0, 22, 8 | 1, 24, 8 | 2, 73, 3846 | 3, 74, 7924 | 4, 78, 7672 | 5, 66, 7714 | 6, 77, 7406 | 7, 73, 7494 |
10:34:44 | Sys:99.24G | Proc:0.89G | GPU:0, 22, 8 | 1, 24, 8 | 2, 72, 3846 | 3, 73, 7924 | 4, 77, 7672 | 5, 66, 7714 | 6, 78, 7406 | 7, 74, 7494 |
10:34:59 | Sys:99.25G | Proc:0.89G | GPU:0, 22, 8 | 1, 24, 8 | 2, 73, 3846 | 3, 73, 7924 | 4, 77, 7672 | 5, 65, 7714 | 6, 76, 7406 | 7, 73, 7494 |
10:35:15 | Sys:99.13G | Proc:0.89G | GPU:0, 22, 8 | 1, 24, 8 | 2, 72, 3846 | 3, 72, 7924 | 4, 77, 7672 | 5, 65, 7714 | 6, 77, 7406 | 7, 73, 7494 |
10:35:30 | Sys:99.16G | Proc:0.89G | GPU:0, 22, 8 | 1, 24, 8 | 2, 73, 3846 | 3, 72, 7924 | 4, 77, 7672 | 5, 66, 7714 | 6, 77, 7406 | 7, 74, 7494 |
10:35:46 | Sys:99.10G | Proc:0.89G | GPU:0, 22, 8 | 1, 24, 8 | 2, 73, 3846 | 3, 74, 7924 | 4, 78, 7672 | 5, 66, 7714 | 6, 76, 7406 | 7, 72, 7494 |
10:36:01 | Sys:99.15G | Proc:0.89G | GPU:0, 22, 8 | 1, 24, 8 | 2, 73, 3846 | 3, 74, 7924 | 4, 79, 7672 | 5, 66, 7714 | 6, 78, 7406 | 7, 73, 7494 |
10:36:17 | Sys:99.12G | Proc:0.89G | GPU:0, 22, 8 | 1, 24, 8 | 2, 73, 3846 | 3, 73, 7924 | 4, 77, 7672 | 5, 66, 7714 | 6, 77, 7406 | 7, 73, 7494 |
10:36:32 | Sys:99.22G | Proc:0.89G | GPU:0, 22, 8 | 1, 24, 8 | 2, 74, 3846 | 3, 74, 7924 | 4, 78, 7672 | 5, 66, 7714 | 6, 78, 7406 | 7, 74, 7494 |
10:36:48 | Sys:99.18G | Proc:0.89G | GPU:0, 22, 8 | 1, 24, 8 | 2, 73, 3846 | 3, 73, 7924 | 4, 77, 7672 | 5, 66, 7714 | 6, 76, 7406 | 7, 73, 7494 |
10:37:03 | Sys:99.22G | Proc:0.89G | GPU:0, 22, 8 | 1, 24, 8 | 2, 75, 3846 | 3, 75, 7924 | 4, 77, 7672 | 5, 68, 7714 | 6, 79, 7406 | 7, 74, 7494 |
10:37:19 | Sys:93.40G | Proc:0.89G | GPU:0, 22, 8 | 1, 24, 8 | 2, 70, 3846 | 3, 71, 4554 | 4, 75, 4564 | 5, 64, 4532 | 6, 74, 4520 | 7, 70, 4550 |
10:37:34 | Sys:84.65G | Proc:0.89G | GPU:0, 22, 8 | 1, 24, 8 | 2, 65, 3846 | 3, 62, 3668 | 4, 66, 3650 | 5, 56, 3648 | 6, 65, 3630 | 7, 62, 3668 |
