
--- INICIO MONITOREO V27.2 PEQUEÑO 2026-05-14 08:08:15.183153 ---
08:08:15 | Sys:80.02G | Proc:0.44G | GPU:0, 24, 8 | 1, 25, 8 | 2, 26, 8 | 3, 26, 3668 | 4, 27, 3650 | 5, 26, 3648 | 6, 26, 3630 | 7, 29, 3668 |
08:08:31 | Sys:81.58G | Proc:0.89G | GPU:0, 24, 8 | 1, 25, 8 | 2, 26, 8 | 3, 26, 3668 | 4, 27, 3650 | 5, 26, 3648 | 6, 27, 3630 | 7, 29, 3668 |
08:08:47 | Sys:85.39G | Proc:0.89G | GPU:0, 24, 8 | 1, 25, 8 | 2, 28, 376 | 3, 29, 3936 | 4, 30, 3918 | 5, 28, 3916 | 6, 29, 3898 | 7, 30, 3936 |
08:09:02 | Sys:95.76G | Proc:0.89G | GPU:0, 24, 8 | 1, 25, 8 | 2, 32, 580 | 3, 34, 4226 | 4, 35, 4208 | 5, 33, 4206 | 6, 34, 4186 | 7, 36, 4224 |
08:09:18 | Sys:98.16G | Proc:0.89G | GPU:0, 24, 8 | 1, 25, 8 | 2, 39, 3476 | 3, 40, 7136 | 4, 42, 7568 | 5, 39, 7114 | 6, 40, 7480 | 7, 43, 7134 |
08:09:33 | Sys:98.64G | Proc:0.89G | GPU:0, 24, 8 | 1, 25, 8 | 2, 45, 3548 | 3, 45, 7352 | 4, 49, 7638 | 5, 47, 7184 | 6, 47, 7546 | 7, 49, 7202 |
08:09:48 | Sys:99.18G | Proc:0.89G | GPU:0, 24, 8 | 1, 25, 8 | 2, 48, 3576 | 3, 50, 7378 | 4, 53, 7668 | 5, 49, 7214 | 6, 51, 7574 | 7, 52, 7232 |
08:10:04 | Sys:99.15G | Proc:0.89G | GPU:0, 24, 8 | 1, 25, 8 | 2, 52, 3576 | 3, 54, 7378 | 4, 56, 7668 | 5, 52, 7214 | 6, 54, 7574 | 7, 55, 7232 |
08:10:20 | Sys:99.35G | Proc:0.89G | GPU:0, 24, 8 | 1, 25, 8 | 2, 57, 3578 | 3, 58, 7378 | 4, 58, 7668 | 5, 56, 7214 | 6, 57, 7574 | 7, 58, 7232 |
08:10:35 | Sys:99.43G | Proc:0.89G | GPU:0, 24, 8 | 1, 25, 8 | 2, 58, 3578 | 3, 61, 7378 | 4, 62, 7668 | 5, 58, 7214 | 6, 61, 7574 | 7, 60, 7232 |
08:10:51 | Sys:99.65G | Proc:0.89G | GPU:0, 24, 8 | 1, 26, 8 | 2, 62, 3580 | 3, 63, 7384 | 4, 66, 7670 | 5, 60, 7216 | 6, 64, 7576 | 7, 64, 7232 |
08:11:06 | Sys:99.62G | Proc:0.89G | GPU:0, 25, 8 | 1, 26, 8 | 2, 63, 3580 | 3, 65, 7384 | 4, 66, 7670 | 5, 62, 7216 | 6, 67, 7576 | 7, 65, 7232 |
08:11:22 | Sys:99.77G | Proc:0.89G | GPU:0, 25, 8 | 1, 26, 8 | 2, 66, 3580 | 3, 68, 7384 | 4, 69, 7670 | 5, 64, 7216 | 6, 69, 7576 | 7, 68, 7232 |
08:11:38 | Sys:99.96G | Proc:0.89G | GPU:0, 25, 8 | 1, 26, 8 | 2, 67, 3580 | 3, 69, 7384 | 4, 71, 7670 | 5, 65, 7216 | 6, 71, 7576 | 7, 68, 7232 |
08:11:53 | Sys:99.92G | Proc:0.89G | GPU:0, 25, 8 | 1, 26, 8 | 2, 67, 3580 | 3, 69, 7384 | 4, 71, 7670 | 5, 64, 7216 | 6, 70, 7576 | 7, 68, 7232 |
08:12:08 | Sys:99.93G | Proc:0.89G | GPU:0, 25, 8 | 1, 26, 8 | 2, 72, 3580 | 3, 72, 7384 | 4, 74, 7670 | 5, 67, 7216 | 6, 72, 7576 | 7, 72, 7232 |
08:12:24 | Sys:99.86G | Proc:0.89G | GPU:0, 25, 8 | 1, 26, 8 | 2, 71, 3580 | 3, 72, 7384 | 4, 74, 7670 | 5, 67, 7216 | 6, 74, 7580 | 7, 71, 7234 |
08:12:40 | Sys:99.89G | Proc:0.89G | GPU:0, 25, 8 | 1, 26, 8 | 2, 73, 3580 | 3, 72, 7384 | 4, 76, 7670 | 5, 67, 7216 | 6, 75, 7580 | 7, 72, 7234 |
08:12:55 | Sys:99.85G | Proc:0.89G | GPU:0, 25, 8 | 1, 26, 8 | 2, 72, 3580 | 3, 73, 7384 | 4, 76, 7670 | 5, 68, 7216 | 6, 75, 7580 | 7, 73, 7234 |
08:13:11 | Sys:100.13G | Proc:0.89G | GPU:0, 25, 8 | 1, 26, 8 | 2, 74, 3582 | 3, 74, 7384 | 4, 77, 7670 | 5, 67, 7220 | 6, 77, 7580 | 7, 74, 7234 |
08:13:26 | Sys:100.03G | Proc:0.89G | GPU:0, 25, 8 | 1, 26, 8 | 2, 73, 3582 | 3, 73, 7384 | 4, 76, 7670 | 5, 67, 7220 | 6, 75, 7580 | 7, 72, 7234 |
08:13:42 | Sys:100.30G | Proc:0.89G | GPU:0, 25, 8 | 1, 26, 8 | 2, 74, 3582 | 3, 75, 7384 | 4, 78, 7670 | 5, 68, 7222 | 6, 75, 7580 | 7, 72, 7234 |
08:13:57 | Sys:100.27G | Proc:0.89G | GPU:0, 25, 8 | 1, 26, 8 | 2, 74, 3582 | 3, 74, 7384 | 4, 76, 7670 | 5, 68, 7222 | 6, 76, 7580 | 7, 74, 7234 |
08:14:13 | Sys:100.17G | Proc:0.89G | GPU:0, 25, 8 | 1, 26, 8 | 2, 73, 3582 | 3, 73, 7384 | 4, 76, 7670 | 5, 67, 7222 | 6, 75, 7580 | 7, 72, 7234 |
08:14:28 | Sys:100.49G | Proc:0.89G | GPU:0, 25, 8 | 1, 26, 8 | 2, 74, 3582 | 3, 73, 7384 | 4, 76, 7670 | 5, 66, 7222 | 6, 75, 7580 | 7, 72, 7234 |
08:14:44 | Sys:100.52G | Proc:0.89G | GPU:0, 25, 8 | 1, 26, 8 | 2, 73, 3582 | 3, 72, 7386 | 4, 77, 7670 | 5, 66, 7222 | 6, 75, 7580 | 7, 72, 7234 |
08:14:59 | Sys:100.84G | Proc:0.89G | GPU:0, 25, 8 | 1, 26, 8 | 2, 74, 3582 | 3, 74, 7386 | 4, 77, 7670 | 5, 67, 7222 | 6, 77, 7580 | 7, 74, 7234 |
08:15:15 | Sys:100.84G | Proc:0.89G | GPU:0, 25, 8 | 1, 26, 8 | 2, 73, 3582 | 3, 73, 7386 | 4, 77, 7670 | 5, 66, 7222 | 6, 77, 7580 | 7, 72, 7234 |
08:15:30 | Sys:100.88G | Proc:0.89G | GPU:0, 25, 8 | 1, 26, 8 | 2, 74, 3582 | 3, 73, 7386 | 4, 78, 7670 | 5, 68, 7222 | 6, 78, 7580 | 7, 75, 7234 |
08:15:46 | Sys:100.87G | Proc:0.89G | GPU:0, 25, 8 | 1, 26, 8 | 2, 74, 3584 | 3, 73, 7386 | 4, 78, 7670 | 5, 68, 7222 | 6, 77, 7580 | 7, 74, 7236 |
08:16:02 | Sys:100.88G | Proc:0.89G | GPU:0, 24, 8 | 1, 26, 8 | 2, 74, 3584 | 3, 73, 7386 | 4, 78, 7670 | 5, 67, 7222 | 6, 77, 7580 | 7, 74, 7236 |
08:16:17 | Sys:100.71G | Proc:0.89G | GPU:0, 25, 8 | 1, 26, 8 | 2, 74, 3584 | 3, 73, 7386 | 4, 78, 7670 | 5, 67, 7222 | 6, 77, 7580 | 7, 74, 7236 |
08:16:33 | Sys:100.91G | Proc:0.89G | GPU:0, 24, 8 | 1, 26, 8 | 2, 74, 3584 | 3, 74, 7386 | 4, 78, 7670 | 5, 68, 7222 | 6, 77, 7580 | 7, 74, 7236 |
08:16:48 | Sys:100.74G | Proc:0.89G | GPU:0, 24, 8 | 1, 26, 8 | 2, 73, 3584 | 3, 73, 7386 | 4, 78, 7670 | 5, 67, 7222 | 6, 77, 7580 | 7, 74, 7236 |
08:17:04 | Sys:100.65G | Proc:0.89G | GPU:0, 24, 8 | 1, 26, 8 | 2, 75, 3584 | 3, 73, 7386 | 4, 79, 7670 | 5, 68, 7368 | 6, 78, 7580 | 7, 75, 7238 |
08:17:19 | Sys:100.64G | Proc:0.89G | GPU:0, 24, 8 | 1, 26, 8 | 2, 74, 3584 | 3, 73, 7386 | 4, 78, 7670 | 5, 67, 7368 | 6, 77, 7580 | 7, 73, 7238 |
08:17:35 | Sys:100.71G | Proc:0.89G | GPU:0, 24, 8 | 1, 26, 8 | 2, 74, 3584 | 3, 74, 7386 | 4, 78, 7670 | 5, 67, 7368 | 6, 77, 7580 | 7, 73, 7238 |
08:17:50 | Sys:100.79G | Proc:0.89G | GPU:0, 24, 8 | 1, 26, 8 | 2, 74, 3584 | 3, 74, 7386 | 4, 78, 7670 | 5, 68, 7368 | 6, 78, 7580 | 7, 75, 7238 |
08:18:06 | Sys:100.91G | Proc:0.89G | GPU:0, 24, 8 | 1, 26, 8 | 2, 72, 3586 | 3, 72, 7386 | 4, 77, 7670 | 5, 66, 7368 | 6, 76, 7580 | 7, 72, 7238 |
08:18:21 | Sys:100.66G | Proc:0.89G | GPU:0, 24, 8 | 1, 26, 8 | 2, 75, 3586 | 3, 74, 7386 | 4, 79, 7670 | 5, 68, 7368 | 6, 78, 7580 | 7, 75, 7238 |
08:18:37 | Sys:100.83G | Proc:0.89G | GPU:0, 24, 8 | 1, 26, 8 | 2, 74, 3586 | 3, 73, 7386 | 4, 77, 7674 | 5, 66, 7368 | 6, 78, 7580 | 7, 73, 7238 |
08:18:52 | Sys:100.60G | Proc:0.89G | GPU:0, 24, 8 | 1, 26, 8 | 2, 75, 3586 | 3, 73, 7386 | 4, 78, 7674 | 5, 68, 7368 | 6, 78, 7580 | 7, 74, 7238 |
08:19:08 | Sys:100.71G | Proc:0.89G | GPU:0, 24, 8 | 1, 26, 8 | 2, 73, 3586 | 3, 73, 7386 | 4, 78, 7674 | 5, 67, 7368 | 6, 77, 7580 | 7, 74, 7238 |
08:19:23 | Sys:100.65G | Proc:0.89G | GPU:0, 24, 8 | 1, 26, 8 | 2, 74, 3586 | 3, 73, 7386 | 4, 78, 7674 | 5, 66, 7368 | 6, 77, 7580 | 7, 73, 7238 |
08:19:39 | Sys:100.71G | Proc:0.89G | GPU:0, 24, 8 | 1, 26, 8 | 2, 74, 3586 | 3, 73, 7386 | 4, 78, 7674 | 5, 67, 7368 | 6, 77, 7580 | 7, 74, 7238 |
08:19:55 | Sys:100.77G | Proc:0.89G | GPU:0, 24, 8 | 1, 26, 8 | 2, 76, 3586 | 3, 73, 7386 | 4, 79, 7674 | 5, 69, 7368 | 6, 78, 7580 | 7, 74, 7238 |
08:20:11 | Sys:100.94G | Proc:0.89G | GPU:0, 23, 8 | 1, 26, 8 | 2, 74, 3586 | 3, 72, 7386 | 4, 78, 7674 | 5, 67, 7368 | 6, 77, 7580 | 7, 74, 7238 |
08:20:26 | Sys:100.81G | Proc:0.89G | GPU:0, 23, 8 | 1, 26, 8 | 2, 73, 3586 | 3, 73, 7386 | 4, 78, 7674 | 5, 67, 7368 | 6, 77, 7580 | 7, 72, 7238 |
08:20:42 | Sys:100.86G | Proc:0.89G | GPU:0, 23, 8 | 1, 26, 8 | 2, 74, 3586 | 3, 73, 7386 | 4, 78, 7674 | 5, 67, 7368 | 6, 79, 7580 | 7, 74, 7238 |
08:20:57 | Sys:100.83G | Proc:0.89G | GPU:0, 23, 8 | 1, 26, 8 | 2, 74, 3586 | 3, 73, 7386 | 4, 78, 7674 | 5, 67, 7368 | 6, 77, 7580 | 7, 73, 7238 |
08:21:13 | Sys:100.49G | Proc:0.89G | GPU:0, 23, 8 | 1, 25, 8 | 2, 74, 3586 | 3, 72, 7386 | 4, 79, 7674 | 5, 67, 7736 | 6, 78, 7580 | 7, 73, 7238 |
08:21:29 | Sys:100.66G | Proc:0.89G | GPU:0, 23, 8 | 1, 25, 8 | 2, 73, 3586 | 3, 73, 7386 | 4, 77, 7674 | 5, 66, 7736 | 6, 76, 7580 | 7, 72, 7238 |
08:21:44 | Sys:100.80G | Proc:0.89G | GPU:0, 23, 8 | 1, 25, 8 | 2, 73, 3586 | 3, 72, 7386 | 4, 77, 7674 | 5, 66, 7736 | 6, 77, 7580 | 7, 74, 7238 |
08:22:00 | Sys:100.66G | Proc:0.89G | GPU:0, 23, 8 | 1, 25, 8 | 2, 73, 3586 | 3, 72, 7386 | 4, 77, 7674 | 5, 66, 7736 | 6, 76, 7580 | 7, 73, 7238 |
08:22:15 | Sys:100.76G | Proc:0.89G | GPU:0, 23, 8 | 1, 25, 8 | 2, 73, 3586 | 3, 71, 7386 | 4, 78, 7674 | 5, 66, 7736 | 6, 76, 7580 | 7, 74, 7238 |
08:22:31 | Sys:100.85G | Proc:0.89G | GPU:0, 23, 8 | 1, 25, 8 | 2, 73, 3586 | 3, 72, 7386 | 4, 77, 7674 | 5, 66, 7736 | 6, 77, 7580 | 7, 73, 7238 |
08:22:46 | Sys:100.86G | Proc:0.89G | GPU:0, 23, 8 | 1, 25, 8 | 2, 74, 3586 | 3, 73, 7386 | 4, 77, 7674 | 5, 66, 7736 | 6, 77, 7580 | 7, 74, 7238 |
08:23:02 | Sys:100.76G | Proc:0.89G | GPU:0, 23, 8 | 1, 25, 8 | 2, 73, 3586 | 3, 72, 7386 | 4, 77, 7674 | 5, 66, 7736 | 6, 76, 7580 | 7, 73, 7238 |
08:23:18 | Sys:100.84G | Proc:0.89G | GPU:0, 23, 8 | 1, 25, 8 | 2, 75, 3586 | 3, 71, 7386 | 4, 78, 7674 | 5, 67, 7736 | 6, 77, 7580 | 7, 73, 7238 |
08:23:33 | Sys:101.00G | Proc:0.89G | GPU:0, 23, 8 | 1, 25, 8 | 2, 73, 3586 | 3, 72, 7386 | 4, 77, 7674 | 5, 66, 7736 | 6, 76, 7580 | 7, 74, 7238 |
08:23:49 | Sys:100.93G | Proc:0.89G | GPU:0, 23, 8 | 1, 25, 8 | 2, 72, 3586 | 3, 72, 7386 | 4, 77, 7674 | 5, 65, 7736 | 6, 76, 7580 | 7, 72, 7238 |
08:24:04 | Sys:100.64G | Proc:0.89G | GPU:0, 23, 8 | 1, 25, 8 | 2, 72, 3586 | 3, 72, 7386 | 4, 76, 7674 | 5, 66, 7736 | 6, 77, 7580 | 7, 73, 7238 |
08:24:20 | Sys:100.74G | Proc:0.89G | GPU:0, 23, 8 | 1, 25, 8 | 2, 72, 3586 | 3, 71, 7386 | 4, 76, 7674 | 5, 65, 7736 | 6, 75, 7580 | 7, 71, 7238 |
08:24:35 | Sys:100.80G | Proc:0.89G | GPU:0, 23, 8 | 1, 25, 8 | 2, 72, 3586 | 3, 71, 7386 | 4, 76, 7674 | 5, 66, 7736 | 6, 76, 7580 | 7, 72, 7238 |
08:24:50 | Sys:100.79G | Proc:0.89G | GPU:0, 23, 8 | 1, 25, 8 | 2, 71, 3586 | 3, 71, 7386 | 4, 76, 7674 | 5, 64, 7736 | 6, 75, 7580 | 7, 71, 7238 |
08:25:06 | Sys:100.83G | Proc:0.89G | GPU:0, 23, 8 | 1, 25, 8 | 2, 73, 3586 | 3, 72, 7386 | 4, 77, 7674 | 5, 67, 7736 | 6, 77, 7580 | 7, 74, 7238 |
08:25:22 | Sys:100.71G | Proc:0.89G | GPU:0, 23, 8 | 1, 25, 8 | 2, 71, 3586 | 3, 70, 7386 | 4, 76, 7674 | 5, 66, 7736 | 6, 75, 7580 | 7, 72, 7238 |
08:25:37 | Sys:100.78G | Proc:0.89G | GPU:0, 22, 8 | 1, 25, 8 | 2, 73, 3586 | 3, 71, 7386 | 4, 76, 7674 | 5, 66, 7736 | 6, 77, 7580 | 7, 72, 7238 |
08:25:53 | Sys:100.88G | Proc:0.89G | GPU:0, 22, 8 | 1, 25, 8 | 2, 72, 3586 | 3, 71, 7386 | 4, 76, 7674 | 5, 65, 7736 | 6, 76, 7580 | 7, 72, 7344 |
08:26:08 | Sys:100.95G | Proc:0.89G | GPU:0, 22, 8 | 1, 25, 8 | 2, 72, 3586 | 3, 71, 7386 | 4, 76, 7674 | 5, 66, 7736 | 6, 76, 7580 | 7, 73, 7344 |
08:26:24 | Sys:100.66G | Proc:0.89G | GPU:0, 22, 8 | 1, 25, 8 | 2, 73, 3586 | 3, 72, 7386 | 4, 77, 7674 | 5, 67, 7736 | 6, 76, 7580 | 7, 72, 7344 |
08:26:39 | Sys:100.80G | Proc:0.89G | GPU:0, 22, 8 | 1, 25, 8 | 2, 74, 3586 | 3, 73, 7386 | 4, 79, 7674 | 5, 68, 7736 | 6, 77, 7580 | 7, 74, 7344 |
08:26:55 | Sys:100.79G | Proc:0.89G | GPU:0, 22, 8 | 1, 24, 8 | 2, 73, 3586 | 3, 72, 7386 | 4, 76, 7674 | 5, 67, 7736 | 6, 77, 7580 | 7, 73, 7344 |
08:27:11 | Sys:100.72G | Proc:0.89G | GPU:0, 22, 8 | 1, 25, 8 | 2, 72, 3586 | 3, 73, 7386 | 4, 78, 7674 | 5, 67, 7736 | 6, 76, 7580 | 7, 72, 7344 |
08:27:26 | Sys:100.78G | Proc:0.89G | GPU:0, 22, 8 | 1, 25, 8 | 2, 74, 3586 | 3, 72, 7386 | 4, 78, 7674 | 5, 67, 7736 | 6, 77, 7580 | 7, 73, 7344 |
08:27:41 | Sys:100.71G | Proc:0.89G | GPU:0, 22, 8 | 1, 24, 8 | 2, 72, 3586 | 3, 71, 7386 | 4, 76, 7674 | 5, 65, 7736 | 6, 75, 7580 | 7, 71, 7344 |
08:27:57 | Sys:100.94G | Proc:0.89G | GPU:0, 22, 8 | 1, 24, 8 | 2, 73, 3586 | 3, 72, 7386 | 4, 78, 7674 | 5, 67, 7736 | 6, 77, 7580 | 7, 74, 7344 |
08:28:13 | Sys:101.05G | Proc:0.89G | GPU:0, 22, 8 | 1, 24, 8 | 2, 71, 3586 | 3, 71, 7386 | 4, 77, 7674 | 5, 66, 7736 | 6, 76, 7580 | 7, 72, 7344 |
08:28:28 | Sys:100.99G | Proc:0.89G | GPU:0, 22, 8 | 1, 24, 8 | 2, 72, 3586 | 3, 71, 7386 | 4, 76, 7674 | 5, 65, 7736 | 6, 75, 7580 | 7, 73, 7344 |
08:28:44 | Sys:100.85G | Proc:0.89G | GPU:0, 22, 8 | 1, 24, 8 | 2, 71, 3586 | 3, 71, 7386 | 4, 75, 7674 | 5, 65, 7736 | 6, 75, 7580 | 7, 71, 7344 |
08:28:59 | Sys:100.82G | Proc:0.89G | GPU:0, 22, 8 | 1, 24, 8 | 2, 71, 3586 | 3, 71, 7386 | 4, 75, 7674 | 5, 65, 7736 | 6, 75, 7580 | 7, 72, 7344 |
08:29:15 | Sys:100.78G | Proc:0.89G | GPU:0, 22, 8 | 1, 24, 8 | 2, 70, 3586 | 3, 70, 7386 | 4, 75, 7676 | 5, 64, 7736 | 6, 74, 7580 | 7, 70, 7344 |
08:29:30 | Sys:100.73G | Proc:0.89G | GPU:0, 22, 8 | 1, 24, 8 | 2, 71, 4012 | 3, 71, 7386 | 4, 75, 7676 | 5, 65, 7736 | 6, 75, 7580 | 7, 72, 7344 |
08:29:46 | Sys:100.82G | Proc:0.89G | GPU:0, 22, 8 | 1, 24, 8 | 2, 72, 4012 | 3, 71, 7386 | 4, 75, 7676 | 5, 64, 7736 | 6, 75, 7580 | 7, 72, 7344 |
08:30:01 | Sys:100.62G | Proc:0.89G | GPU:0, 22, 8 | 1, 24, 8 | 2, 72, 4012 | 3, 71, 7386 | 4, 76, 7676 | 5, 66, 7736 | 6, 76, 7580 | 7, 72, 7344 |
08:30:17 | Sys:100.80G | Proc:0.89G | GPU:0, 22, 8 | 1, 24, 8 | 2, 71, 4012 | 3, 72, 7386 | 4, 76, 7676 | 5, 65, 7736 | 6, 75, 7580 | 7, 72, 7344 |
08:30:32 | Sys:100.98G | Proc:0.89G | GPU:0, 22, 8 | 1, 24, 8 | 2, 72, 4012 | 3, 72, 7386 | 4, 76, 7676 | 5, 66, 7736 | 6, 76, 7580 | 7, 72, 7344 |
08:30:48 | Sys:101.00G | Proc:0.89G | GPU:0, 22, 8 | 1, 24, 8 | 2, 72, 4012 | 3, 71, 7386 | 4, 76, 7676 | 5, 66, 7736 | 6, 76, 7580 | 7, 71, 7344 |
08:31:03 | Sys:100.87G | Proc:0.89G | GPU:0, 22, 8 | 1, 24, 8 | 2, 71, 4012 | 3, 71, 7386 | 4, 75, 7676 | 5, 64, 7736 | 6, 74, 7580 | 7, 71, 7344 |
08:31:18 | Sys:100.72G | Proc:0.89G | GPU:0, 22, 8 | 1, 24, 8 | 2, 72, 4012 | 3, 72, 7386 | 4, 76, 7676 | 5, 65, 7736 | 6, 76, 7580 | 7, 72, 7344 |
08:31:34 | Sys:100.96G | Proc:0.89G | GPU:0, 22, 8 | 1, 24, 8 | 2, 71, 4012 | 3, 71, 7386 | 4, 77, 7676 | 5, 67, 7736 | 6, 76, 7580 | 7, 72, 7344 |
08:31:50 | Sys:100.80G | Proc:0.89G | GPU:0, 22, 8 | 1, 24, 8 | 2, 72, 4012 | 3, 73, 7386 | 4, 76, 7676 | 5, 65, 7736 | 6, 76, 7580 | 7, 73, 7344 |
08:32:05 | Sys:100.87G | Proc:0.89G | GPU:0, 22, 8 | 1, 24, 8 | 2, 73, 4012 | 3, 73, 7386 | 4, 78, 7676 | 5, 67, 7736 | 6, 77, 7580 | 7, 73, 7344 |
08:32:20 | Sys:100.90G | Proc:0.89G | GPU:0, 22, 8 | 1, 24, 8 | 2, 73, 4012 | 3, 73, 7386 | 4, 76, 7676 | 5, 67, 7736 | 6, 76, 7580 | 7, 73, 7344 |
08:32:36 | Sys:100.75G | Proc:0.89G | GPU:0, 22, 8 | 1, 24, 8 | 2, 71, 4012 | 3, 72, 7386 | 4, 76, 7676 | 5, 65, 7736 | 6, 75, 7580 | 7, 71, 7344 |
08:32:51 | Sys:100.92G | Proc:0.89G | GPU:0, 22, 8 | 1, 24, 8 | 2, 73, 4012 | 3, 72, 7386 | 4, 77, 7676 | 5, 67, 7736 | 6, 77, 7580 | 7, 73, 7344 |
08:33:07 | Sys:100.90G | Proc:0.89G | GPU:0, 22, 8 | 1, 24, 8 | 2, 71, 4012 | 3, 71, 7386 | 4, 77, 7676 | 5, 65, 7736 | 6, 75, 7580 | 7, 72, 7344 |
08:33:22 | Sys:100.91G | Proc:0.89G | GPU:0, 22, 8 | 1, 24, 8 | 2, 72, 4012 | 3, 72, 7386 | 4, 76, 7676 | 5, 66, 7736 | 6, 76, 7580 | 7, 73, 7344 |
08:33:38 | Sys:100.89G | Proc:0.89G | GPU:0, 22, 8 | 1, 24, 8 | 2, 73, 4012 | 3, 71, 7386 | 4, 76, 7676 | 5, 65, 7736 | 6, 75, 7580 | 7, 71, 7344 |
08:33:53 | Sys:100.77G | Proc:0.89G | GPU:0, 22, 8 | 1, 24, 8 | 2, 72, 4012 | 3, 71, 7386 | 4, 77, 7676 | 5, 64, 7736 | 6, 75, 7580 | 7, 71, 7344 |
08:34:09 | Sys:100.87G | Proc:0.89G | GPU:0, 22, 8 | 1, 24, 8 | 2, 72, 4012 | 3, 71, 7386 | 4, 76, 7676 | 5, 65, 7736 | 6, 74, 7580 | 7, 71, 7344 |
08:34:24 | Sys:100.66G | Proc:0.89G | GPU:0, 22, 8 | 1, 24, 8 | 2, 72, 4012 | 3, 72, 7386 | 4, 77, 7676 | 5, 66, 7736 | 6, 77, 7580 | 7, 73, 7344 |
08:34:40 | Sys:100.74G | Proc:0.89G | GPU:0, 22, 8 | 1, 24, 8 | 2, 71, 4012 | 3, 71, 7386 | 4, 75, 7676 | 5, 64, 7736 | 6, 76, 7580 | 7, 72, 7344 |
08:34:55 | Sys:100.69G | Proc:0.89G | GPU:0, 22, 8 | 1, 24, 8 | 2, 71, 4012 | 3, 71, 7386 | 4, 76, 7676 | 5, 66, 7736 | 6, 76, 7580 | 7, 72, 7504 |
08:35:10 | Sys:100.91G | Proc:0.89G | GPU:0, 22, 8 | 1, 24, 8 | 2, 70, 4012 | 3, 70, 7386 | 4, 75, 7676 | 5, 64, 7736 | 6, 75, 7580 | 7, 70, 7504 |
08:35:26 | Sys:100.88G | Proc:0.89G | GPU:0, 22, 8 | 1, 24, 8 | 2, 71, 4012 | 3, 70, 7386 | 4, 76, 7676 | 5, 64, 7736 | 6, 75, 7580 | 7, 71, 7504 |
08:35:41 | Sys:100.93G | Proc:0.89G | GPU:0, 22, 8 | 1, 24, 8 | 2, 70, 4012 | 3, 70, 7386 | 4, 74, 7676 | 5, 64, 7736 | 6, 74, 7580 | 7, 70, 7504 |
08:35:57 | Sys:100.98G | Proc:0.89G | GPU:0, 22, 8 | 1, 24, 8 | 2, 71, 4012 | 3, 70, 7386 | 4, 75, 7676 | 5, 65, 7736 | 6, 76, 7580 | 7, 72, 7504 |
08:36:12 | Sys:100.95G | Proc:0.89G | GPU:0, 22, 8 | 1, 24, 8 | 2, 71, 4012 | 3, 70, 7386 | 4, 75, 7676 | 5, 65, 7736 | 6, 74, 7580 | 7, 70, 7504 |
08:36:28 | Sys:100.78G | Proc:0.89G | GPU:0, 22, 8 | 1, 24, 8 | 2, 71, 4012 | 3, 71, 7386 | 4, 76, 7676 | 5, 65, 7736 | 6, 75, 7580 | 7, 72, 7504 |
08:36:43 | Sys:100.67G | Proc:0.89G | GPU:0, 21, 8 | 1, 24, 8 | 2, 72, 4012 | 3, 71, 7386 | 4, 75, 7676 | 5, 65, 7736 | 6, 75, 7580 | 7, 72, 7504 |
08:36:59 | Sys:100.86G | Proc:0.89G | GPU:0, 21, 8 | 1, 24, 8 | 2, 71, 4012 | 3, 71, 7386 | 4, 75, 7676 | 5, 64, 7736 | 6, 74, 7580 | 7, 71, 7504 |
08:37:15 | Sys:100.70G | Proc:0.89G | GPU:0, 22, 8 | 1, 24, 8 | 2, 71, 4012 | 3, 71, 7386 | 4, 75, 7676 | 5, 64, 7736 | 6, 75, 7580 | 7, 71, 7504 |
08:37:30 | Sys:100.84G | Proc:0.89G | GPU:0, 22, 8 | 1, 24, 8 | 2, 71, 4012 | 3, 72, 7386 | 4, 75, 7676 | 5, 65, 7736 | 6, 76, 7580 | 7, 72, 7504 |
08:37:46 | Sys:100.84G | Proc:0.89G | GPU:0, 22, 8 | 1, 24, 8 | 2, 71, 4012 | 3, 70, 7386 | 4, 75, 7676 | 5, 64, 7736 | 6, 75, 7580 | 7, 71, 7504 |
08:38:01 | Sys:100.86G | Proc:0.89G | GPU:0, 21, 8 | 1, 24, 8 | 2, 71, 4014 | 3, 71, 7386 | 4, 76, 7676 | 5, 65, 7736 | 6, 75, 7580 | 7, 71, 7504 |
08:38:17 | Sys:101.51G | Proc:0.89G | GPU:0, 22, 8 | 1, 23, 8 | 2, 71, 4014 | 3, 71, 7386 | 4, 75, 7676 | 5, 65, 7736 | 6, 75, 7580 | 7, 70, 7504 |
08:38:32 | Sys:101.97G | Proc:0.89G | GPU:0, 21, 8 | 1, 24, 8 | 2, 70, 4014 | 3, 71, 7386 | 4, 75, 7676 | 5, 65, 7736 | 6, 74, 7580 | 7, 71, 7504 |
08:38:47 | Sys:102.23G | Proc:0.89G | GPU:0, 22, 8 | 1, 24, 8 | 2, 70, 4014 | 3, 70, 7386 | 4, 74, 7676 | 5, 63, 7736 | 6, 73, 7580 | 7, 70, 7504 |
08:39:03 | Sys:102.47G | Proc:0.89G | GPU:0, 22, 8 | 1, 24, 8 | 2, 70, 4014 | 3, 70, 7386 | 4, 75, 7676 | 5, 64, 7736 | 6, 74, 7580 | 7, 71, 7504 |
08:39:18 | Sys:102.49G | Proc:0.89G | GPU:0, 21, 8 | 1, 24, 8 | 2, 71, 4014 | 3, 71, 7386 | 4, 75, 7676 | 5, 65, 7736 | 6, 75, 7580 | 7, 71, 7504 |
08:39:34 | Sys:102.64G | Proc:0.89G | GPU:0, 21, 8 | 1, 24, 8 | 2, 73, 4014 | 3, 72, 7560 | 4, 77, 7676 | 5, 66, 7736 | 6, 74, 7580 | 7, 72, 7504 |
08:39:49 | Sys:102.68G | Proc:0.89G | GPU:0, 21, 8 | 1, 24, 8 | 2, 72, 4014 | 3, 71, 7560 | 4, 76, 7676 | 5, 66, 7736 | 6, 75, 7580 | 7, 71, 7504 |
08:40:05 | Sys:102.82G | Proc:0.89G | GPU:0, 21, 8 | 1, 24, 8 | 2, 71, 4014 | 3, 73, 7560 | 4, 76, 7676 | 5, 65, 7736 | 6, 75, 7580 | 7, 71, 7504 |
08:40:21 | Sys:102.96G | Proc:0.89G | GPU:0, 21, 8 | 1, 23, 8 | 2, 71, 4014 | 3, 71, 7560 | 4, 76, 7676 | 5, 65, 7736 | 6, 75, 7580 | 7, 72, 7504 |
08:40:36 | Sys:103.13G | Proc:0.89G | GPU:0, 22, 8 | 1, 24, 8 | 2, 71, 4014 | 3, 71, 7560 | 4, 75, 7676 | 5, 64, 7736 | 6, 74, 7580 | 7, 70, 7504 |
08:40:52 | Sys:103.27G | Proc:0.89G | GPU:0, 22, 8 | 1, 24, 8 | 2, 72, 4014 | 3, 73, 7560 | 4, 76, 7676 | 5, 67, 7736 | 6, 77, 7580 | 7, 72, 7504 |
08:41:07 | Sys:103.39G | Proc:0.89G | GPU:0, 21, 8 | 1, 23, 8 | 2, 69, 4014 | 3, 70, 7560 | 4, 75, 7676 | 5, 64, 7736 | 6, 73, 7580 | 7, 70, 7504 |
08:41:23 | Sys:103.76G | Proc:0.89G | GPU:0, 21, 8 | 1, 24, 8 | 2, 71, 4014 | 3, 72, 7560 | 4, 75, 7676 | 5, 65, 7736 | 6, 75, 7580 | 7, 71, 7504 |
08:41:38 | Sys:103.90G | Proc:0.89G | GPU:0, 21, 8 | 1, 24, 8 | 2, 71, 4014 | 3, 72, 7560 | 4, 75, 7676 | 5, 65, 7736 | 6, 74, 7580 | 7, 72, 7504 |
08:41:54 | Sys:103.94G | Proc:0.89G | GPU:0, 21, 8 | 1, 23, 8 | 2, 72, 4014 | 3, 71, 7560 | 4, 77, 7676 | 5, 66, 7736 | 6, 75, 7580 | 7, 73, 7504 |
08:42:09 | Sys:104.15G | Proc:0.89G | GPU:0, 21, 8 | 1, 24, 8 | 2, 71, 4014 | 3, 72, 7560 | 4, 75, 7676 | 5, 64, 7736 | 6, 75, 7580 | 7, 71, 7504 |
08:42:25 | Sys:104.23G | Proc:0.89G | GPU:0, 21, 8 | 1, 24, 8 | 2, 72, 4014 | 3, 70, 7560 | 4, 76, 7676 | 5, 65, 7736 | 6, 75, 7580 | 7, 71, 7504 |
08:42:41 | Sys:104.42G | Proc:0.89G | GPU:0, 21, 8 | 1, 24, 8 | 2, 72, 4014 | 3, 71, 7560 | 4, 75, 7676 | 5, 64, 7736 | 6, 76, 7580 | 7, 71, 7504 |
08:42:56 | Sys:104.66G | Proc:0.89G | GPU:0, 21, 8 | 1, 23, 8 | 2, 72, 4014 | 3, 71, 7560 | 4, 75, 7676 | 5, 65, 7736 | 6, 76, 7580 | 7, 73, 7504 |
08:43:12 | Sys:100.20G | Proc:0.89G | GPU:0, 21, 8 | 1, 24, 8 | 2, 70, 4014 | 3, 70, 7560 | 4, 75, 7676 | 5, 65, 7736 | 6, 74, 7580 | 7, 71, 7504 |
08:43:27 | Sys:100.43G | Proc:0.89G | GPU:0, 21, 8 | 1, 23, 8 | 2, 71, 4014 | 3, 71, 7560 | 4, 76, 7676 | 5, 64, 7736 | 6, 75, 7580 | 7, 71, 7504 |
08:43:43 | Sys:100.63G | Proc:0.89G | GPU:0, 21, 8 | 1, 24, 8 | 2, 71, 4014 | 3, 71, 7560 | 4, 76, 7676 | 5, 65, 7736 | 6, 74, 7580 | 7, 71, 7504 |
08:43:58 | Sys:100.74G | Proc:0.89G | GPU:0, 21, 8 | 1, 23, 8 | 2, 72, 4014 | 3, 70, 7560 | 4, 75, 7676 | 5, 64, 7736 | 6, 75, 7580 | 7, 71, 7504 |
08:44:14 | Sys:101.05G | Proc:0.89G | GPU:0, 21, 8 | 1, 24, 8 | 2, 71, 4014 | 3, 70, 7560 | 4, 75, 7676 | 5, 65, 7736 | 6, 75, 7580 | 7, 70, 7504 |
08:44:29 | Sys:101.19G | Proc:0.89G | GPU:0, 21, 8 | 1, 23, 8 | 2, 73, 4014 | 3, 72, 7560 | 4, 76, 7676 | 5, 65, 7736 | 6, 76, 7580 | 7, 72, 7504 |
08:44:45 | Sys:101.16G | Proc:0.89G | GPU:0, 21, 8 | 1, 23, 8 | 2, 71, 4014 | 3, 71, 7560 | 4, 75, 7676 | 5, 65, 7736 | 6, 75, 7580 | 7, 71, 7504 |
08:45:00 | Sys:101.25G | Proc:0.89G | GPU:0, 21, 8 | 1, 23, 8 | 2, 73, 4014 | 3, 72, 7560 | 4, 77, 7676 | 5, 64, 7736 | 6, 76, 7580 | 7, 72, 7504 |
08:45:16 | Sys:101.20G | Proc:0.89G | GPU:0, 21, 8 | 1, 23, 8 | 2, 71, 4014 | 3, 72, 7560 | 4, 75, 7676 | 5, 64, 7736 | 6, 74, 7580 | 7, 71, 7504 |
08:45:31 | Sys:101.12G | Proc:0.89G | GPU:0, 21, 8 | 1, 23, 8 | 2, 71, 4014 | 3, 72, 7560 | 4, 77, 7676 | 5, 66, 7736 | 6, 74, 7580 | 7, 71, 7504 |
08:45:47 | Sys:101.18G | Proc:0.89G | GPU:0, 21, 8 | 1, 23, 8 | 2, 72, 4014 | 3, 72, 7560 | 4, 76, 7676 | 5, 65, 7736 | 6, 76, 7580 | 7, 72, 7504 |
08:46:02 | Sys:101.21G | Proc:0.89G | GPU:0, 21, 8 | 1, 23, 8 | 2, 71, 4014 | 3, 71, 7560 | 4, 76, 7676 | 5, 66, 7736 | 6, 76, 7580 | 7, 71, 7504 |
08:46:18 | Sys:101.25G | Proc:0.89G | GPU:0, 21, 8 | 1, 23, 8 | 2, 72, 4014 | 3, 72, 7560 | 4, 76, 7676 | 5, 66, 7736 | 6, 76, 7580 | 7, 72, 7504 |
08:46:33 | Sys:101.26G | Proc:0.89G | GPU:0, 21, 8 | 1, 23, 8 | 2, 71, 4014 | 3, 71, 7560 | 4, 76, 7676 | 5, 66, 7736 | 6, 75, 7580 | 7, 71, 7504 |
08:46:49 | Sys:101.18G | Proc:0.89G | GPU:0, 21, 8 | 1, 23, 8 | 2, 72, 4014 | 3, 72, 7560 | 4, 76, 7676 | 5, 65, 7736 | 6, 76, 7580 | 7, 72, 7504 |
08:47:04 | Sys:101.30G | Proc:0.89G | GPU:0, 21, 8 | 1, 23, 8 | 2, 73, 4014 | 3, 73, 7560 | 4, 77, 7676 | 5, 66, 7736 | 6, 76, 7580 | 7, 72, 7504 |
08:47:20 | Sys:101.05G | Proc:0.89G | GPU:0, 21, 8 | 1, 23, 8 | 2, 74, 4014 | 3, 73, 7560 | 4, 77, 7676 | 5, 66, 7736 | 6, 76, 7580 | 7, 72, 7504 |
08:47:36 | Sys:101.08G | Proc:0.89G | GPU:0, 21, 8 | 1, 23, 8 | 2, 73, 4014 | 3, 73, 7560 | 4, 77, 7676 | 5, 67, 7736 | 6, 77, 7580 | 7, 73, 7504 |
08:47:52 | Sys:101.28G | Proc:0.89G | GPU:0, 21, 8 | 1, 23, 8 | 2, 72, 4014 | 3, 73, 7560 | 4, 78, 7676 | 5, 67, 7736 | 6, 76, 7580 | 7, 72, 7504 |
08:48:08 | Sys:101.11G | Proc:0.89G | GPU:0, 21, 8 | 1, 23, 8 | 2, 74, 4014 | 3, 72, 7560 | 4, 78, 7676 | 5, 66, 7736 | 6, 77, 7580 | 7, 73, 7504 |
08:48:23 | Sys:101.01G | Proc:0.89G | GPU:0, 21, 8 | 1, 23, 8 | 2, 73, 4014 | 3, 73, 7560 | 4, 77, 7676 | 5, 67, 7736 | 6, 77, 7580 | 7, 73, 7504 |
08:48:39 | Sys:101.01G | Proc:0.89G | GPU:0, 21, 8 | 1, 23, 8 | 2, 75, 4014 | 3, 73, 7560 | 4, 78, 7676 | 5, 66, 7736 | 6, 77, 7580 | 7, 73, 7504 |
08:48:55 | Sys:101.05G | Proc:0.89G | GPU:0, 21, 8 | 1, 23, 8 | 2, 73, 4014 | 3, 73, 7560 | 4, 78, 7676 | 5, 66, 7736 | 6, 76, 7580 | 7, 73, 7504 |
08:49:10 | Sys:101.18G | Proc:0.89G | GPU:0, 21, 8 | 1, 23, 8 | 2, 72, 4014 | 3, 71, 7560 | 4, 76, 7676 | 5, 65, 7736 | 6, 75, 7580 | 7, 71, 7504 |
08:49:25 | Sys:101.35G | Proc:0.89G | GPU:0, 21, 8 | 1, 23, 8 | 2, 74, 4014 | 3, 72, 7560 | 4, 77, 7676 | 5, 66, 7736 | 6, 77, 7580 | 7, 73, 7504 |
08:49:41 | Sys:101.28G | Proc:0.89G | GPU:0, 21, 8 | 1, 23, 8 | 2, 73, 4014 | 3, 73, 7560 | 4, 77, 7676 | 5, 66, 7736 | 6, 76, 7580 | 7, 73, 7504 |
08:49:56 | Sys:101.32G | Proc:0.89G | GPU:0, 21, 8 | 1, 23, 8 | 2, 73, 4014 | 3, 72, 7560 | 4, 76, 7676 | 5, 66, 7736 | 6, 76, 7580 | 7, 73, 7504 |
08:50:12 | Sys:101.06G | Proc:0.89G | GPU:0, 21, 8 | 1, 23, 8 | 2, 73, 4014 | 3, 72, 7560 | 4, 77, 7676 | 5, 67, 7736 | 6, 77, 7580 | 7, 73, 7504 |
08:50:28 | Sys:101.33G | Proc:0.89G | GPU:0, 21, 8 | 1, 23, 8 | 2, 75, 4014 | 3, 72, 7560 | 4, 77, 7676 | 5, 67, 7736 | 6, 77, 7580 | 7, 72, 7504 |
08:50:43 | Sys:101.15G | Proc:0.89G | GPU:0, 21, 8 | 1, 23, 8 | 2, 74, 4014 | 3, 72, 7560 | 4, 78, 7676 | 5, 66, 7736 | 6, 77, 7580 | 7, 73, 7504 |
08:50:58 | Sys:101.16G | Proc:0.89G | GPU:0, 21, 8 | 1, 23, 8 | 2, 72, 4014 | 3, 72, 7560 | 4, 76, 7676 | 5, 65, 7736 | 6, 75, 7580 | 7, 71, 7504 |
08:51:14 | Sys:101.25G | Proc:0.89G | GPU:0, 21, 8 | 1, 23, 8 | 2, 73, 4014 | 3, 72, 7560 | 4, 77, 7676 | 5, 66, 7736 | 6, 77, 7580 | 7, 73, 7504 |
08:51:29 | Sys:101.20G | Proc:0.89G | GPU:0, 21, 8 | 1, 23, 8 | 2, 73, 4014 | 3, 73, 7560 | 4, 77, 7676 | 5, 66, 7736 | 6, 77, 7580 | 7, 73, 7504 |
08:51:45 | Sys:101.23G | Proc:0.89G | GPU:0, 21, 8 | 1, 23, 8 | 2, 73, 4014 | 3, 72, 7560 | 4, 77, 7676 | 5, 65, 7736 | 6, 76, 7580 | 7, 72, 7504 |
08:52:00 | Sys:101.17G | Proc:0.89G | GPU:0, 21, 8 | 1, 23, 8 | 2, 73, 4014 | 3, 72, 7560 | 4, 77, 7676 | 5, 65, 7736 | 6, 75, 7580 | 7, 73, 7504 |
08:52:16 | Sys:101.41G | Proc:0.89G | GPU:0, 21, 8 | 1, 23, 8 | 2, 74, 4014 | 3, 72, 7560 | 4, 77, 7676 | 5, 67, 7736 | 6, 76, 7580 | 7, 73, 7504 |
08:52:31 | Sys:101.36G | Proc:0.89G | GPU:0, 21, 8 | 1, 23, 8 | 2, 73, 4014 | 3, 72, 7560 | 4, 78, 7676 | 5, 66, 7736 | 6, 78, 7580 | 7, 73, 7504 |
08:52:47 | Sys:101.36G | Proc:0.89G | GPU:0, 21, 8 | 1, 23, 8 | 2, 72, 4014 | 3, 71, 7560 | 4, 76, 7676 | 5, 65, 7736 | 6, 75, 7580 | 7, 71, 7504 |
08:53:02 | Sys:101.11G | Proc:0.89G | GPU:0, 21, 8 | 1, 23, 8 | 2, 73, 4014 | 3, 73, 7560 | 4, 77, 7676 | 5, 66, 7736 | 6, 77, 7580 | 7, 74, 7504 |
08:53:17 | Sys:101.17G | Proc:0.89G | GPU:0, 21, 8 | 1, 23, 8 | 2, 72, 4014 | 3, 71, 7560 | 4, 76, 7676 | 5, 66, 7736 | 6, 75, 7580 | 7, 72, 7504 |
08:53:33 | Sys:101.19G | Proc:0.89G | GPU:0, 21, 8 | 1, 23, 8 | 2, 73, 4014 | 3, 72, 7560 | 4, 78, 7676 | 5, 67, 7736 | 6, 76, 7580 | 7, 72, 7504 |
08:53:48 | Sys:101.21G | Proc:0.89G | GPU:0, 21, 8 | 1, 23, 8 | 2, 72, 4014 | 3, 72, 7560 | 4, 76, 7676 | 5, 66, 7736 | 6, 76, 7580 | 7, 72, 7504 |
08:54:04 | Sys:101.24G | Proc:0.89G | GPU:0, 21, 8 | 1, 23, 8 | 2, 75, 4014 | 3, 72, 7560 | 4, 77, 7676 | 5, 68, 7736 | 6, 77, 7580 | 7, 73, 7504 |
08:54:20 | Sys:101.14G | Proc:0.89G | GPU:0, 21, 8 | 1, 23, 8 | 2, 73, 4014 | 3, 71, 7560 | 4, 77, 7676 | 5, 66, 7736 | 6, 77, 7580 | 7, 73, 7504 |
08:54:35 | Sys:101.21G | Proc:0.89G | GPU:0, 21, 8 | 1, 23, 8 | 2, 72, 4014 | 3, 72, 7560 | 4, 77, 7676 | 5, 65, 7736 | 6, 76, 7580 | 7, 72, 7504 |
08:54:51 | Sys:101.35G | Proc:0.89G | GPU:0, 21, 8 | 1, 23, 8 | 2, 73, 4014 | 3, 71, 7560 | 4, 76, 7676 | 5, 66, 7736 | 6, 76, 7580 | 7, 72, 7504 |
08:55:06 | Sys:101.29G | Proc:0.89G | GPU:0, 21, 8 | 1, 23, 8 | 2, 72, 4014 | 3, 71, 7560 | 4, 76, 7676 | 5, 65, 7736 | 6, 75, 7580 | 7, 72, 7504 |
08:55:21 | Sys:101.20G | Proc:0.89G | GPU:0, 21, 8 | 1, 23, 8 | 2, 72, 4014 | 3, 72, 7560 | 4, 76, 7676 | 5, 66, 7736 | 6, 76, 7580 | 7, 72, 7504 |
08:55:37 | Sys:101.46G | Proc:0.89G | GPU:0, 21, 8 | 1, 23, 8 | 2, 73, 4014 | 3, 71, 7560 | 4, 76, 7676 | 5, 65, 7736 | 6, 75, 7580 | 7, 72, 7504 |
08:55:52 | Sys:101.41G | Proc:0.89G | GPU:0, 21, 8 | 1, 23, 8 | 2, 72, 4014 | 3, 71, 7560 | 4, 77, 7676 | 5, 66, 7736 | 6, 76, 7580 | 7, 73, 7504 |
08:56:08 | Sys:101.18G | Proc:0.89G | GPU:0, 21, 8 | 1, 23, 8 | 2, 73, 4014 | 3, 72, 7560 | 4, 77, 7676 | 5, 66, 7736 | 6, 76, 7580 | 7, 73, 7504 |
08:56:23 | Sys:101.36G | Proc:0.89G | GPU:0, 21, 8 | 1, 23, 8 | 2, 74, 4014 | 3, 73, 7560 | 4, 78, 7676 | 5, 66, 7736 | 6, 76, 7580 | 7, 72, 7504 |
08:56:38 | Sys:101.23G | Proc:0.89G | GPU:0, 21, 8 | 1, 23, 8 | 2, 72, 4014 | 3, 73, 7560 | 4, 76, 7676 | 5, 66, 7736 | 6, 75, 7580 | 7, 72, 7504 |
08:56:54 | Sys:101.04G | Proc:0.89G | GPU:0, 21, 8 | 1, 23, 8 | 2, 71, 4014 | 3, 71, 7560 | 4, 75, 7676 | 5, 65, 7736 | 6, 74, 7580 | 7, 71, 7504 |
08:57:09 | Sys:101.15G | Proc:0.89G | GPU:0, 21, 8 | 1, 23, 8 | 2, 73, 4014 | 3, 72, 7560 | 4, 76, 7676 | 5, 66, 7736 | 6, 76, 7580 | 7, 73, 7504 |
08:57:25 | Sys:101.28G | Proc:0.89G | GPU:0, 21, 8 | 1, 23, 8 | 2, 72, 4014 | 3, 72, 7560 | 4, 76, 7676 | 5, 65, 7736 | 6, 75, 7580 | 7, 72, 7504 |
08:57:40 | Sys:101.32G | Proc:0.89G | GPU:0, 21, 8 | 1, 23, 8 | 2, 72, 4014 | 3, 71, 7560 | 4, 76, 7676 | 5, 67, 7736 | 6, 77, 7580 | 7, 73, 7504 |
08:57:56 | Sys:101.23G | Proc:0.89G | GPU:0, 21, 8 | 1, 23, 8 | 2, 71, 4014 | 3, 71, 7560 | 4, 75, 7676 | 5, 65, 7736 | 6, 76, 7580 | 7, 72, 7504 |
08:58:11 | Sys:101.40G | Proc:0.89G | GPU:0, 21, 8 | 1, 23, 8 | 2, 74, 4014 | 3, 73, 7560 | 4, 77, 7676 | 5, 66, 7736 | 6, 75, 7580 | 7, 73, 7504 |
08:58:26 | Sys:101.37G | Proc:0.89G | GPU:0, 21, 8 | 1, 23, 8 | 2, 72, 4014 | 3, 71, 7560 | 4, 76, 7676 | 5, 65, 7736 | 6, 75, 7580 | 7, 72, 7504 |
08:58:42 | Sys:101.17G | Proc:0.89G | GPU:0, 21, 8 | 1, 23, 8 | 2, 73, 4014 | 3, 73, 7560 | 4, 77, 7676 | 5, 67, 7736 | 6, 77, 7580 | 7, 73, 7504 |
08:58:57 | Sys:101.32G | Proc:0.89G | GPU:0, 21, 8 | 1, 23, 8 | 2, 71, 4014 | 3, 71, 7560 | 4, 75, 7676 | 5, 65, 7736 | 6, 76, 7580 | 7, 72, 7504 |
08:59:13 | Sys:101.35G | Proc:0.89G | GPU:0, 21, 8 | 1, 23, 8 | 2, 71, 4014 | 3, 73, 7560 | 4, 76, 7676 | 5, 64, 7736 | 6, 74, 7580 | 7, 70, 7504 |
08:59:29 | Sys:101.26G | Proc:0.89G | GPU:0, 21, 8 | 1, 23, 8 | 2, 71, 4014 | 3, 71, 7560 | 4, 75, 7676 | 5, 65, 7736 | 6, 74, 7580 | 7, 71, 7504 |
08:59:44 | Sys:101.32G | Proc:0.89G | GPU:0, 21, 8 | 1, 23, 8 | 2, 70, 4014 | 3, 70, 7560 | 4, 75, 7676 | 5, 63, 7736 | 6, 73, 7580 | 7, 70, 7504 |
09:00:00 | Sys:101.16G | Proc:0.89G | GPU:0, 21, 8 | 1, 23, 8 | 2, 72, 4014 | 3, 71, 7560 | 4, 76, 7676 | 5, 65, 7736 | 6, 76, 7580 | 7, 71, 7504 |
09:00:16 | Sys:101.24G | Proc:0.89G | GPU:0, 21, 8 | 1, 23, 8 | 2, 70, 4014 | 3, 71, 7560 | 4, 75, 7676 | 5, 64, 7736 | 6, 74, 7580 | 7, 70, 7504 |
09:00:31 | Sys:101.25G | Proc:0.89G | GPU:0, 21, 8 | 1, 23, 8 | 2, 72, 4014 | 3, 72, 7560 | 4, 76, 7676 | 5, 65, 7736 | 6, 76, 7580 | 7, 72, 7504 |
09:00:47 | Sys:101.30G | Proc:0.89G | GPU:0, 21, 8 | 1, 23, 8 | 2, 71, 4014 | 3, 70, 7560 | 4, 75, 7676 | 5, 65, 7736 | 6, 75, 7580 | 7, 71, 7504 |
09:01:02 | Sys:101.36G | Proc:0.89G | GPU:0, 21, 8 | 1, 23, 8 | 2, 71, 4014 | 3, 71, 7560 | 4, 75, 7676 | 5, 64, 7736 | 6, 75, 7580 | 7, 72, 7504 |
09:01:18 | Sys:101.25G | Proc:0.89G | GPU:0, 21, 8 | 1, 23, 8 | 2, 72, 4014 | 3, 71, 7560 | 4, 75, 7676 | 5, 64, 7736 | 6, 74, 7580 | 7, 70, 7504 |
09:01:34 | Sys:101.14G | Proc:0.89G | GPU:0, 21, 8 | 1, 23, 8 | 2, 72, 4014 | 3, 71, 7560 | 4, 75, 7676 | 5, 66, 7736 | 6, 76, 7580 | 7, 72, 7504 |
09:01:49 | Sys:101.29G | Proc:0.89G | GPU:0, 21, 8 | 1, 23, 8 | 2, 71, 4014 | 3, 71, 7560 | 4, 76, 7676 | 5, 65, 7736 | 6, 75, 7580 | 7, 71, 7504 |
09:02:05 | Sys:101.21G | Proc:0.89G | GPU:0, 21, 8 | 1, 23, 8 | 2, 71, 4014 | 3, 72, 7560 | 4, 77, 7676 | 5, 66, 7736 | 6, 75, 7580 | 7, 71, 7504 |
09:02:20 | Sys:101.04G | Proc:0.89G | GPU:0, 21, 8 | 1, 23, 8 | 2, 70, 4014 | 3, 70, 7560 | 4, 74, 7676 | 5, 65, 7736 | 6, 74, 7580 | 7, 70, 7504 |
09:02:36 | Sys:101.19G | Proc:0.89G | GPU:0, 21, 8 | 1, 23, 8 | 2, 70, 4014 | 3, 70, 7560 | 4, 75, 7676 | 5, 64, 7736 | 6, 73, 7580 | 7, 70, 7504 |
09:02:51 | Sys:101.27G | Proc:0.89G | GPU:0, 21, 8 | 1, 23, 8 | 2, 72, 4014 | 3, 71, 7560 | 4, 76, 7676 | 5, 65, 7736 | 6, 75, 7580 | 7, 72, 7504 |
09:03:07 | Sys:101.25G | Proc:0.89G | GPU:0, 21, 8 | 1, 23, 8 | 2, 71, 4014 | 3, 70, 7560 | 4, 76, 7676 | 5, 64, 7736 | 6, 74, 7580 | 7, 71, 7504 |
09:03:22 | Sys:101.19G | Proc:0.89G | GPU:0, 21, 8 | 1, 23, 8 | 2, 71, 4014 | 3, 71, 7560 | 4, 75, 7676 | 5, 66, 7736 | 6, 75, 7580 | 7, 72, 7504 |
09:03:38 | Sys:101.34G | Proc:0.89G | GPU:0, 21, 8 | 1, 23, 8 | 2, 70, 4014 | 3, 70, 7560 | 4, 75, 7676 | 5, 64, 7736 | 6, 75, 7580 | 7, 71, 7504 |
09:03:53 | Sys:101.24G | Proc:0.89G | GPU:0, 21, 8 | 1, 23, 8 | 2, 70, 4014 | 3, 72, 7560 | 4, 76, 7676 | 5, 66, 7736 | 6, 76, 7580 | 7, 72, 7504 |
09:04:09 | Sys:101.16G | Proc:0.89G | GPU:0, 21, 8 | 1, 23, 8 | 2, 70, 4014 | 3, 70, 7560 | 4, 74, 7676 | 5, 64, 7736 | 6, 74, 7580 | 7, 70, 7504 |
09:04:24 | Sys:101.27G | Proc:0.89G | GPU:0, 21, 8 | 1, 23, 8 | 2, 72, 4014 | 3, 71, 7560 | 4, 75, 7676 | 5, 66, 7736 | 6, 75, 7580 | 7, 71, 7504 |
09:04:40 | Sys:101.32G | Proc:0.89G | GPU:0, 21, 8 | 1, 23, 8 | 2, 72, 4014 | 3, 71, 7560 | 4, 75, 7676 | 5, 65, 7736 | 6, 75, 7580 | 7, 71, 7504 |
09:04:55 | Sys:101.14G | Proc:0.89G | GPU:0, 21, 8 | 1, 23, 8 | 2, 71, 4014 | 3, 72, 7560 | 4, 76, 7676 | 5, 65, 7736 | 6, 75, 7580 | 7, 71, 7504 |
09:05:11 | Sys:101.19G | Proc:0.89G | GPU:0, 21, 8 | 1, 23, 8 | 2, 71, 4014 | 3, 72, 7560 | 4, 75, 7676 | 5, 65, 7736 | 6, 76, 7580 | 7, 72, 7504 |
09:05:26 | Sys:101.17G | Proc:0.89G | GPU:0, 21, 8 | 1, 23, 8 | 2, 70, 4014 | 3, 71, 7560 | 4, 75, 7676 | 5, 64, 7736 | 6, 74, 7580 | 7, 70, 7504 |
09:05:42 | Sys:101.18G | Proc:0.89G | GPU:0, 21, 8 | 1, 23, 8 | 2, 70, 4014 | 3, 70, 7560 | 4, 75, 7676 | 5, 64, 7736 | 6, 75, 7580 | 7, 71, 7504 |
09:05:57 | Sys:101.32G | Proc:0.89G | GPU:0, 21, 8 | 1, 23, 8 | 2, 70, 4014 | 3, 70, 7560 | 4, 74, 7676 | 5, 64, 7736 | 6, 73, 7580 | 7, 70, 7504 |
09:06:13 | Sys:101.55G | Proc:0.89G | GPU:0, 21, 8 | 1, 23, 8 | 2, 71, 4014 | 3, 72, 7560 | 4, 76, 7676 | 5, 65, 7736 | 6, 75, 7580 | 7, 71, 7504 |
09:06:28 | Sys:101.43G | Proc:0.89G | GPU:0, 21, 8 | 1, 23, 8 | 2, 71, 4014 | 3, 71, 7560 | 4, 75, 7676 | 5, 65, 7736 | 6, 75, 7580 | 7, 72, 7504 |
09:06:43 | Sys:101.51G | Proc:0.89G | GPU:0, 21, 8 | 1, 23, 8 | 2, 71, 4014 | 3, 72, 7560 | 4, 75, 7676 | 5, 65, 7736 | 6, 75, 7580 | 7, 72, 7504 |
09:06:59 | Sys:101.31G | Proc:0.89G | GPU:0, 21, 8 | 1, 23, 8 | 2, 72, 4014 | 3, 71, 7560 | 4, 75, 7676 | 5, 65, 7736 | 6, 75, 7580 | 7, 72, 7504 |
09:07:14 | Sys:101.47G | Proc:0.89G | GPU:0, 21, 8 | 1, 23, 8 | 2, 71, 4014 | 3, 71, 7560 | 4, 76, 7676 | 5, 65, 7736 | 6, 75, 7580 | 7, 71, 7504 |
09:07:30 | Sys:101.40G | Proc:0.89G | GPU:0, 21, 8 | 1, 23, 8 | 2, 71, 4014 | 3, 71, 7560 | 4, 75, 7676 | 5, 65, 7736 | 6, 75, 7580 | 7, 70, 7504 |
09:07:46 | Sys:101.23G | Proc:0.89G | GPU:0, 21, 8 | 1, 23, 8 | 2, 71, 4014 | 3, 70, 7560 | 4, 75, 7676 | 5, 64, 7736 | 6, 74, 7580 | 7, 71, 7504 |
09:08:01 | Sys:101.29G | Proc:0.89G | GPU:0, 21, 8 | 1, 23, 8 | 2, 71, 4014 | 3, 71, 7560 | 4, 75, 7676 | 5, 65, 7736 | 6, 73, 7580 | 7, 71, 7504 |
09:08:17 | Sys:101.43G | Proc:0.89G | GPU:0, 21, 8 | 1, 23, 8 | 2, 73, 4014 | 3, 70, 7560 | 4, 75, 7676 | 5, 66, 7736 | 6, 75, 7580 | 7, 72, 7504 |
09:08:32 | Sys:101.32G | Proc:0.89G | GPU:0, 21, 8 | 1, 23, 8 | 2, 70, 4014 | 3, 72, 7560 | 4, 76, 7676 | 5, 64, 7736 | 6, 74, 7580 | 7, 70, 7504 |
09:08:47 | Sys:101.43G | Proc:0.89G | GPU:0, 21, 8 | 1, 23, 8 | 2, 73, 4014 | 3, 72, 7560 | 4, 75, 7676 | 5, 66, 7736 | 6, 76, 7580 | 7, 72, 7504 |
09:09:03 | Sys:101.29G | Proc:0.89G | GPU:0, 21, 8 | 1, 23, 8 | 2, 72, 4014 | 3, 72, 7560 | 4, 75, 7676 | 5, 64, 7736 | 6, 75, 7580 | 7, 71, 7504 |
09:09:19 | Sys:101.47G | Proc:0.89G | GPU:0, 21, 8 | 1, 23, 8 | 2, 71, 4014 | 3, 72, 7560 | 4, 75, 7676 | 5, 64, 7736 | 6, 74, 7580 | 7, 70, 7504 |
09:09:34 | Sys:101.49G | Proc:0.89G | GPU:0, 21, 8 | 1, 23, 8 | 2, 72, 4014 | 3, 72, 7560 | 4, 75, 7676 | 5, 64, 7736 | 6, 76, 7580 | 7, 72, 7504 |
09:09:50 | Sys:101.47G | Proc:0.89G | GPU:0, 21, 8 | 1, 23, 8 | 2, 72, 4014 | 3, 72, 7560 | 4, 76, 7676 | 5, 65, 7736 | 6, 75, 7580 | 7, 71, 7504 |
09:10:05 | Sys:101.42G | Proc:0.89G | GPU:0, 21, 8 | 1, 23, 8 | 2, 71, 4014 | 3, 72, 7560 | 4, 75, 7676 | 5, 65, 7736 | 6, 75, 7580 | 7, 71, 7504 |
09:10:21 | Sys:101.62G | Proc:0.89G | GPU:0, 21, 8 | 1, 23, 8 | 2, 71, 4014 | 3, 72, 7560 | 4, 75, 7676 | 5, 65, 7736 | 6, 74, 7580 | 7, 71, 7504 |
09:10:36 | Sys:101.58G | Proc:0.89G | GPU:0, 21, 8 | 1, 23, 8 | 2, 72, 4014 | 3, 72, 7560 | 4, 75, 7676 | 5, 65, 7736 | 6, 75, 7580 | 7, 72, 7504 |
09:10:52 | Sys:101.58G | Proc:0.89G | GPU:0, 21, 8 | 1, 23, 8 | 2, 72, 4014 | 3, 71, 7560 | 4, 75, 7676 | 5, 66, 7736 | 6, 75, 7580 | 7, 71, 7504 |
09:11:07 | Sys:101.34G | Proc:0.89G | GPU:0, 21, 8 | 1, 23, 8 | 2, 72, 4014 | 3, 72, 7560 | 4, 76, 7676 | 5, 65, 7736 | 6, 75, 7580 | 7, 72, 7504 |
09:11:22 | Sys:101.29G | Proc:0.89G | GPU:0, 21, 8 | 1, 23, 8 | 2, 71, 4014 | 3, 71, 7560 | 4, 74, 7676 | 5, 64, 7736 | 6, 75, 7580 | 7, 71, 7504 |
09:11:38 | Sys:101.22G | Proc:0.89G | GPU:0, 21, 8 | 1, 23, 8 | 2, 73, 4014 | 3, 73, 7560 | 4, 77, 7676 | 5, 66, 7736 | 6, 76, 7580 | 7, 72, 7504 |
09:11:54 | Sys:101.31G | Proc:0.89G | GPU:0, 21, 8 | 1, 23, 8 | 2, 72, 4014 | 3, 72, 7560 | 4, 75, 7676 | 5, 65, 7736 | 6, 76, 7580 | 7, 73, 7504 |
09:12:09 | Sys:101.32G | Proc:0.89G | GPU:0, 21, 8 | 1, 23, 8 | 2, 72, 4014 | 3, 72, 7560 | 4, 76, 7676 | 5, 65, 7736 | 6, 75, 7580 | 7, 71, 7504 |
09:12:25 | Sys:101.01G | Proc:0.89G | GPU:0, 21, 8 | 1, 23, 8 | 2, 73, 4014 | 3, 73, 7560 | 4, 76, 7676 | 5, 65, 7736 | 6, 76, 7580 | 7, 72, 7504 |
09:12:40 | Sys:101.39G | Proc:0.89G | GPU:0, 21, 8 | 1, 23, 8 | 2, 71, 4014 | 3, 71, 7560 | 4, 75, 7676 | 5, 64, 7736 | 6, 74, 7580 | 7, 70, 7504 |
09:12:56 | Sys:101.33G | Proc:0.89G | GPU:0, 21, 8 | 1, 23, 8 | 2, 72, 4014 | 3, 71, 7560 | 4, 76, 7676 | 5, 66, 7736 | 6, 75, 7580 | 7, 72, 7504 |
09:13:12 | Sys:101.40G | Proc:0.89G | GPU:0, 21, 8 | 1, 23, 8 | 2, 71, 4014 | 3, 72, 7560 | 4, 75, 7676 | 5, 64, 7736 | 6, 74, 7580 | 7, 71, 7504 |
09:13:27 | Sys:101.37G | Proc:0.89G | GPU:0, 21, 8 | 1, 23, 8 | 2, 72, 4014 | 3, 72, 7560 | 4, 76, 7676 | 5, 65, 7736 | 6, 75, 7580 | 7, 72, 7504 |
09:13:43 | Sys:101.21G | Proc:0.89G | GPU:0, 21, 8 | 1, 23, 8 | 2, 72, 4014 | 3, 72, 7560 | 4, 75, 7676 | 5, 65, 7736 | 6, 75, 7580 | 7, 72, 7504 |
09:13:58 | Sys:101.09G | Proc:0.89G | GPU:0, 21, 8 | 1, 23, 8 | 2, 74, 4014 | 3, 71, 7560 | 4, 75, 7676 | 5, 65, 7736 | 6, 75, 7580 | 7, 72, 7504 |
09:14:13 | Sys:101.19G | Proc:0.89G | GPU:0, 21, 8 | 1, 23, 8 | 2, 72, 4014 | 3, 72, 7560 | 4, 75, 7676 | 5, 64, 7736 | 6, 75, 7580 | 7, 72, 7504 |
09:14:29 | Sys:101.35G | Proc:0.89G | GPU:0, 21, 8 | 1, 23, 8 | 2, 72, 4014 | 3, 72, 7560 | 4, 75, 7676 | 5, 65, 7736 | 6, 76, 7580 | 7, 72, 7504 |
09:14:45 | Sys:101.33G | Proc:0.89G | GPU:0, 21, 8 | 1, 23, 8 | 2, 72, 4014 | 3, 71, 7560 | 4, 75, 7676 | 5, 65, 7736 | 6, 74, 7580 | 7, 70, 7504 |
09:15:00 | Sys:101.33G | Proc:0.89G | GPU:0, 21, 8 | 1, 23, 8 | 2, 73, 4014 | 3, 71, 7560 | 4, 76, 7676 | 5, 66, 7736 | 6, 75, 7580 | 7, 72, 7504 |
09:15:16 | Sys:101.37G | Proc:0.89G | GPU:0, 21, 8 | 1, 23, 8 | 2, 71, 4014 | 3, 71, 7560 | 4, 75, 7676 | 5, 64, 7736 | 6, 74, 7580 | 7, 72, 7504 |
09:15:31 | Sys:101.31G | Proc:0.89G | GPU:0, 21, 8 | 1, 23, 8 | 2, 72, 4014 | 3, 73, 7560 | 4, 76, 7676 | 5, 65, 7736 | 6, 75, 7580 | 7, 71, 7504 |
09:15:47 | Sys:101.18G | Proc:0.89G | GPU:0, 21, 8 | 1, 23, 8 | 2, 72, 4014 | 3, 71, 7560 | 4, 75, 7676 | 5, 64, 7736 | 6, 74, 7580 | 7, 71, 7504 |
09:16:02 | Sys:101.21G | Proc:0.89G | GPU:0, 21, 8 | 1, 23, 8 | 2, 71, 4014 | 3, 71, 7560 | 4, 75, 7676 | 5, 64, 7736 | 6, 74, 7580 | 7, 70, 7504 |
09:16:17 | Sys:101.23G | Proc:0.89G | GPU:0, 21, 8 | 1, 23, 8 | 2, 72, 4014 | 3, 71, 7560 | 4, 76, 7676 | 5, 65, 7736 | 6, 75, 7580 | 7, 70, 7504 |
09:16:33 | Sys:101.31G | Proc:0.89G | GPU:0, 21, 8 | 1, 23, 8 | 2, 70, 4014 | 3, 71, 7560 | 4, 74, 7676 | 5, 63, 7736 | 6, 73, 7580 | 7, 70, 7504 |
09:16:48 | Sys:98.70G | Proc:0.89G | GPU:0, 21, 8 | 1, 23, 8 | 2, 71, 4014 | 3, 72, 7560 | 4, 75, 7676 | 5, 64, 7736 | 6, 75, 7580 | 7, 71, 7504 |
09:17:04 | Sys:98.87G | Proc:0.89G | GPU:0, 21, 8 | 1, 23, 8 | 2, 71, 4014 | 3, 71, 7560 | 4, 75, 7676 | 5, 64, 7736 | 6, 74, 7580 | 7, 71, 7504 |
09:17:20 | Sys:98.99G | Proc:0.89G | GPU:0, 21, 8 | 1, 23, 8 | 2, 71, 4014 | 3, 71, 7560 | 4, 75, 7676 | 5, 64, 7736 | 6, 76, 7580 | 7, 71, 7504 |
09:17:35 | Sys:99.05G | Proc:0.89G | GPU:0, 21, 8 | 1, 23, 8 | 2, 72, 4014 | 3, 71, 7560 | 4, 75, 7676 | 5, 64, 7736 | 6, 75, 7580 | 7, 72, 7504 |
09:17:51 | Sys:99.08G | Proc:0.89G | GPU:0, 21, 8 | 1, 23, 8 | 2, 73, 4014 | 3, 71, 7560 | 4, 77, 7676 | 5, 64, 7736 | 6, 75, 7580 | 7, 72, 7504 |
09:18:06 | Sys:99.28G | Proc:0.89G | GPU:0, 21, 8 | 1, 23, 8 | 2, 71, 4014 | 3, 71, 7560 | 4, 75, 7676 | 5, 64, 7736 | 6, 74, 7580 | 7, 70, 7504 |
09:18:22 | Sys:99.39G | Proc:0.89G | GPU:0, 21, 8 | 1, 23, 8 | 2, 72, 4014 | 3, 71, 7560 | 4, 75, 7676 | 5, 65, 7736 | 6, 74, 7580 | 7, 71, 7504 |
09:18:37 | Sys:99.32G | Proc:0.89G | GPU:0, 21, 8 | 1, 23, 8 | 2, 71, 4014 | 3, 72, 7560 | 4, 76, 7676 | 5, 65, 7736 | 6, 75, 7580 | 7, 70, 7504 |
09:18:53 | Sys:99.20G | Proc:0.89G | GPU:0, 21, 8 | 1, 23, 8 | 2, 71, 4014 | 3, 72, 7560 | 4, 75, 7676 | 5, 64, 7736 | 6, 74, 7580 | 7, 70, 7504 |
09:19:08 | Sys:99.25G | Proc:0.89G | GPU:0, 21, 8 | 1, 23, 8 | 2, 71, 4014 | 3, 72, 7560 | 4, 76, 7676 | 5, 64, 7736 | 6, 76, 7580 | 7, 71, 7504 |
09:19:24 | Sys:99.22G | Proc:0.89G | GPU:0, 21, 8 | 1, 23, 8 | 2, 71, 4014 | 3, 72, 7560 | 4, 75, 7676 | 5, 64, 7736 | 6, 74, 7580 | 7, 71, 7504 |
09:19:40 | Sys:99.24G | Proc:0.89G | GPU:0, 21, 8 | 1, 23, 8 | 2, 72, 4014 | 3, 72, 7560 | 4, 77, 7676 | 5, 65, 7736 | 6, 75, 7580 | 7, 71, 7504 |
09:19:55 | Sys:99.30G | Proc:0.89G | GPU:0, 21, 8 | 1, 23, 8 | 2, 72, 4014 | 3, 72, 7560 | 4, 76, 7676 | 5, 65, 7736 | 6, 75, 7580 | 7, 71, 7504 |
09:20:10 | Sys:99.58G | Proc:0.89G | GPU:0, 21, 8 | 1, 23, 8 | 2, 72, 4014 | 3, 71, 7560 | 4, 75, 7676 | 5, 65, 7736 | 6, 75, 7580 | 7, 71, 7504 |
09:20:26 | Sys:100.09G | Proc:0.89G | GPU:0, 21, 8 | 1, 23, 8 | 2, 73, 4014 | 3, 72, 7560 | 4, 76, 7676 | 5, 66, 7736 | 6, 76, 7580 | 7, 72, 7504 |
09:20:41 | Sys:100.34G | Proc:0.89G | GPU:0, 21, 8 | 1, 23, 8 | 2, 74, 4014 | 3, 73, 7560 | 4, 77, 7676 | 5, 66, 7736 | 6, 76, 7580 | 7, 72, 7504 |
09:20:57 | Sys:100.62G | Proc:0.89G | GPU:0, 21, 8 | 1, 23, 8 | 2, 73, 4014 | 3, 72, 7560 | 4, 76, 7676 | 5, 66, 7736 | 6, 77, 7580 | 7, 73, 7504 |
09:21:12 | Sys:100.79G | Proc:0.89G | GPU:0, 21, 8 | 1, 23, 8 | 2, 71, 4014 | 3, 71, 7560 | 4, 75, 7676 | 5, 64, 7736 | 6, 74, 7580 | 7, 70, 7504 |
09:21:28 | Sys:86.23G | Proc:0.89G | GPU:0, 21, 8 | 1, 23, 8 | 2, 68, 4014 | 3, 67, 3668 | 4, 71, 3650 | 5, 62, 3648 | 6, 70, 3630 | 7, 66, 3668 |
09:21:43 | Sys:82.52G | Proc:0.89G | GPU:0, 21, 8 | 1, 23, 8 | 2, 65, 8 | 3, 59, 3668 | 4, 62, 3650 | 5, 59, 3648 | 6, 62, 3630 | 7, 59, 3668 |
